[0.045s] Invoking command in '/home/hashika/ros_ws/build/my_robot_description': CMAKE_PREFIX_PATH=/opt/ros/humble /usr/bin/cmake --build /home/hashika/ros_ws/build/my_robot_description -- -j8 -l8
[0.064s] -- Found ament_cmake: 1.3.6 (/opt/ros/humble/share/ament_cmake/cmake)
[0.240s] -- Configuring done
[0.243s] -- Generating done
[0.244s] -- Build files have been written to: /home/hashika/ros_ws/build/my_robot_description
[0.264s] Invoked command in '/home/hashika/ros_ws/build/my_robot_description' returned '0': CMAKE_PREFIX_PATH=/opt/ros/humble /usr/bin/cmake --build /home/hashika/ros_ws/build/my_robot_description -- -j8 -l8
[0.291s] Invoking command in '/home/hashika/ros_ws/build/my_robot_description': CMAKE_PREFIX_PATH=/opt/ros/humble /usr/bin/cmake --install /home/hashika/ros_ws/build/my_robot_description
[0.298s] -- Install configuration: ""
[0.298s] -- Up-to-date: /home/hashika/ros_ws/install/my_robot_description/share/my_robot_description//urdf
[0.298s] -- Up-to-date: /home/hashika/ros_ws/install/my_robot_description/share/my_robot_description//urdf/two_wheel_robot.urdf
[0.298s] -- Up-to-date: /home/hashika/ros_ws/install/my_robot_description/share/my_robot_description//launch
[0.298s] -- Installing: /home/hashika/ros_ws/install/my_robot_description/share/my_robot_description//launch/display.launch.xml
[0.298s] -- Installing: /home/hashika/ros_ws/install/my_robot_description/share/my_robot_description//rviz
[0.298s] -- Installing: /home/hashika/ros_ws/install/my_robot_description/share/my_robot_description//rviz/robot_config.rviz
[0.299s] -- Up-to-date: /home/hashika/ros_ws/install/my_robot_description/share/ament_index/resource_index/package_run_dependencies/my_robot_description
[0.299s] -- Up-to-date: /home/hashika/ros_ws/install/my_robot_description/share/ament_index/resource_index/parent_prefix_path/my_robot_description
[0.299s] -- Up-to-date: /home/hashika/ros_ws/install/my_robot_description/share/my_robot_description/environment/ament_prefix_path.sh
[0.299s] -- Installing: /home/hashika/ros_ws/install/my_robot_description/share/my_robot_description/environment/ament_prefix_path.dsv
[0.299s] -- Up-to-date: /home/hashika/ros_ws/install/my_robot_description/share/my_robot_description/environment/path.sh
[0.299s] -- Installing: /home/hashika/ros_ws/install/my_robot_description/share/my_robot_description/environment/path.dsv
[0.299s] -- Up-to-date: /home/hashika/ros_ws/install/my_robot_description/share/my_robot_description/local_setup.bash
[0.299s] -- Up-to-date: /home/hashika/ros_ws/install/my_robot_description/share/my_robot_description/local_setup.sh
[0.299s] -- Up-to-date: /home/hashika/ros_ws/install/my_robot_description/share/my_robot_description/local_setup.zsh
[0.299s] -- Installing: /home/hashika/ros_ws/install/my_robot_description/share/my_robot_description/local_setup.dsv
[0.300s] -- Installing: /home/hashika/ros_ws/install/my_robot_description/share/my_robot_description/package.dsv
[0.300s] -- Up-to-date: /home/hashika/ros_ws/install/my_robot_description/share/ament_index/resource_index/packages/my_robot_description
[0.300s] -- Up-to-date: /home/hashika/ros_ws/install/my_robot_description/share/my_robot_description/cmake/my_robot_descriptionConfig.cmake
[0.300s] -- Up-to-date: /home/hashika/ros_ws/install/my_robot_description/share/my_robot_description/cmake/my_robot_descriptionConfig-version.cmake
[0.300s] -- Up-to-date: /home/hashika/ros_ws/install/my_robot_description/share/my_robot_description/package.xml
[0.301s] Invoked command in '/home/hashika/ros_ws/build/my_robot_description' returned '0': CMAKE_PREFIX_PATH=/opt/ros/humble /usr/bin/cmake --install /home/hashika/ros_ws/build/my_robot_description
