[0.048s] Invoking command in '/home/hashika/ros_ws/build/my_robot_bringup': AMENT_PREFIX_PATH=/home/hashika/ros_ws/install/my_robot_description:${AMENT_PREFIX_PATH} CMAKE_PREFIX_PATH=/home/hashika/ros_ws/install/my_robot_description:/opt/ros/humble /usr/bin/cmake --build /home/hashika/ros_ws/build/my_robot_bringup -- -j8 -l8
[0.071s] -- Found ament_cmake: 1.3.6 (/opt/ros/humble/share/ament_cmake/cmake)
[0.193s] -- Override CMake install command with custom implementation using symlinks instead of copying resources
[0.264s] -- Configuring done
[0.267s] -- Generating done
[0.268s] -- Build files have been written to: /home/hashika/ros_ws/build/my_robot_bringup
[0.287s] Invoked command in '/home/hashika/ros_ws/build/my_robot_bringup' returned '0': AMENT_PREFIX_PATH=/home/hashika/ros_ws/install/my_robot_description:${AMENT_PREFIX_PATH} CMAKE_PREFIX_PATH=/home/hashika/ros_ws/install/my_robot_description:/opt/ros/humble /usr/bin/cmake --build /home/hashika/ros_ws/build/my_robot_bringup -- -j8 -l8
[0.306s] Invoking command in '/home/hashika/ros_ws/build/my_robot_bringup': AMENT_PREFIX_PATH=/home/hashika/ros_ws/install/my_robot_description:${AMENT_PREFIX_PATH} CMAKE_PREFIX_PATH=/home/hashika/ros_ws/install/my_robot_description:/opt/ros/humble /usr/bin/cmake --install /home/hashika/ros_ws/build/my_robot_bringup
[0.312s] -- Install configuration: ""
[0.312s] -- Execute custom install script
[0.312s] -- Up-to-date symlink: /home/hashika/ros_ws/install/my_robot_bringup/share/my_robot_bringup//launch/my_robot_gazebo.launch.xml
[0.313s] -- Up-to-date symlink: /home/hashika/ros_ws/install/my_robot_bringup/share/my_robot_bringup//rviz/robot_config.rviz
[0.313s] -- Symlinking: /home/hashika/ros_ws/install/my_robot_bringup/share/my_robot_bringup//worlds/my_world.world
[0.321s] -- Up-to-date symlink: /home/hashika/ros_ws/install/my_robot_bringup/share/ament_index/resource_index/package_run_dependencies/my_robot_bringup
[0.321s] -- Up-to-date symlink: /home/hashika/ros_ws/install/my_robot_bringup/share/ament_index/resource_index/parent_prefix_path/my_robot_bringup
[0.321s] -- Up-to-date symlink: /home/hashika/ros_ws/install/my_robot_bringup/share/my_robot_bringup/environment/ament_prefix_path.sh
[0.321s] -- Up-to-date symlink: /home/hashika/ros_ws/install/my_robot_bringup/share/my_robot_bringup/environment/ament_prefix_path.dsv
[0.321s] -- Up-to-date symlink: /home/hashika/ros_ws/install/my_robot_bringup/share/my_robot_bringup/environment/path.sh
[0.321s] -- Up-to-date symlink: /home/hashika/ros_ws/install/my_robot_bringup/share/my_robot_bringup/environment/path.dsv
[0.322s] -- Up-to-date symlink: /home/hashika/ros_ws/install/my_robot_bringup/share/my_robot_bringup/local_setup.bash
[0.322s] -- Up-to-date symlink: /home/hashika/ros_ws/install/my_robot_bringup/share/my_robot_bringup/local_setup.sh
[0.322s] -- Up-to-date symlink: /home/hashika/ros_ws/install/my_robot_bringup/share/my_robot_bringup/local_setup.zsh
[0.322s] -- Up-to-date symlink: /home/hashika/ros_ws/install/my_robot_bringup/share/my_robot_bringup/local_setup.dsv
[0.322s] -- Symlinking: /home/hashika/ros_ws/install/my_robot_bringup/share/my_robot_bringup/package.dsv
[0.330s] -- Up-to-date symlink: /home/hashika/ros_ws/install/my_robot_bringup/share/ament_index/resource_index/packages/my_robot_bringup
[0.330s] -- Up-to-date symlink: /home/hashika/ros_ws/install/my_robot_bringup/share/my_robot_bringup/cmake/my_robot_bringupConfig.cmake
[0.330s] -- Up-to-date symlink: /home/hashika/ros_ws/install/my_robot_bringup/share/my_robot_bringup/cmake/my_robot_bringupConfig-version.cmake
[0.330s] -- Up-to-date symlink: /home/hashika/ros_ws/install/my_robot_bringup/share/my_robot_bringup/package.xml
[0.331s] Invoked command in '/home/hashika/ros_ws/build/my_robot_bringup' returned '0': AMENT_PREFIX_PATH=/home/hashika/ros_ws/install/my_robot_description:${AMENT_PREFIX_PATH} CMAKE_PREFIX_PATH=/home/hashika/ros_ws/install/my_robot_description:/opt/ros/humble /usr/bin/cmake --install /home/hashika/ros_ws/build/my_robot_bringup
