[0.944s] DEBUG:colcon:Command line arguments: ['/usr/bin/colcon', 'build', '--symlink-install']
[0.944s] DEBUG:colcon:Parsed command line arguments: Namespace(log_base=None, log_level=None, verb_name='build', build_base='build', install_base='install', merge_install=False, symlink_install=True, test_result_base=None, continue_on_error=False, executor='parallel', parallel_workers=8, event_handlers=None, ignore_user_meta=False, metas=['./colcon.meta'], base_paths=['.'], packages_ignore=None, packages_ignore_regex=None, paths=None, packages_up_to=None, packages_up_to_regex=None, packages_above=None, packages_above_and_dependencies=None, packages_above_depth=None, packages_select_by_dep=None, packages_skip_by_dep=None, packages_skip_up_to=None, packages_select_build_failed=False, packages_skip_build_finished=False, packages_select_test_failures=False, packages_skip_test_passed=False, packages_select=None, packages_skip=None, packages_select_regex=None, packages_skip_regex=None, packages_start=None, packages_end=None, allow_overriding=[], cmake_args=None, cmake_target=None, cmake_target_skip_unavailable=False, cmake_clean_cache=False, cmake_clean_first=False, cmake_force_configure=False, ament_cmake_args=None, catkin_cmake_args=None, catkin_skip_building_tests=False, verb_parser=<colcon_defaults.argument_parser.defaults.DefaultArgumentsDecorator object at 0x7f445b05dcc0>, verb_extension=<colcon_core.verb.build.BuildVerb object at 0x7f445b05ee90>, main=<bound method BuildVerb.main of <colcon_core.verb.build.BuildVerb object at 0x7f445b05ee90>>)
[0.988s] Level 1:colcon.colcon_core.package_discovery:discover_packages(colcon_meta) check parameters
[0.988s] Level 1:colcon.colcon_core.package_discovery:discover_packages(recursive) check parameters
[0.988s] Level 1:colcon.colcon_core.package_discovery:discover_packages(ignore) check parameters
[0.988s] Level 1:colcon.colcon_core.package_discovery:discover_packages(path) check parameters
[0.988s] Level 1:colcon.colcon_core.package_discovery:discover_packages(colcon_meta) discover
[0.988s] Level 1:colcon.colcon_core.package_discovery:discover_packages(recursive) discover
[0.988s] INFO:colcon.colcon_core.package_discovery:Crawling recursively for packages in '/home/hashika/ros_ws'
[0.988s] Level 1:colcon.colcon_core.package_identification:_identify(.) by extensions ['ignore', 'ignore_ament_install']
[0.989s] Level 1:colcon.colcon_core.package_identification:_identify(.) by extension 'ignore'
[0.989s] Level 1:colcon.colcon_core.package_identification:_identify(.) by extension 'ignore_ament_install'
[0.989s] Level 1:colcon.colcon_core.package_identification:_identify(.) by extensions ['colcon_pkg']
[0.989s] Level 1:colcon.colcon_core.package_identification:_identify(.) by extension 'colcon_pkg'
[0.989s] Level 1:colcon.colcon_core.package_identification:_identify(.) by extensions ['colcon_meta']
[0.989s] Level 1:colcon.colcon_core.package_identification:_identify(.) by extension 'colcon_meta'
[0.989s] Level 1:colcon.colcon_core.package_identification:_identify(.) by extensions ['ros']
[0.989s] Level 1:colcon.colcon_core.package_identification:_identify(.) by extension 'ros'
[0.998s] Level 1:colcon.colcon_core.package_identification:_identify(.) by extensions ['cmake', 'python']
[0.998s] Level 1:colcon.colcon_core.package_identification:_identify(.) by extension 'cmake'
[0.998s] Level 1:colcon.colcon_core.package_identification:_identify(.) by extension 'python'
[0.998s] Level 1:colcon.colcon_core.package_identification:_identify(.) by extensions ['python_setup_py']
[0.998s] Level 1:colcon.colcon_core.package_identification:_identify(.) by extension 'python_setup_py'
[0.998s] Level 1:colcon.colcon_core.package_identification:_identify(build) by extensions ['ignore', 'ignore_ament_install']
[0.998s] Level 1:colcon.colcon_core.package_identification:_identify(build) by extension 'ignore'
[0.998s] Level 1:colcon.colcon_core.package_identification:_identify(build) ignored
[0.999s] Level 1:colcon.colcon_core.package_identification:_identify(install) by extensions ['ignore', 'ignore_ament_install']
[0.999s] Level 1:colcon.colcon_core.package_identification:_identify(install) by extension 'ignore'
[0.999s] Level 1:colcon.colcon_core.package_identification:_identify(install) ignored
[0.999s] Level 1:colcon.colcon_core.package_identification:_identify(log) by extensions ['ignore', 'ignore_ament_install']
[0.999s] Level 1:colcon.colcon_core.package_identification:_identify(log) by extension 'ignore'
[0.999s] Level 1:colcon.colcon_core.package_identification:_identify(log) ignored
[0.999s] Level 1:colcon.colcon_core.package_identification:_identify(src) by extensions ['ignore', 'ignore_ament_install']
[0.999s] Level 1:colcon.colcon_core.package_identification:_identify(src) by extension 'ignore'
[0.999s] Level 1:colcon.colcon_core.package_identification:_identify(src) by extension 'ignore_ament_install'
[1.000s] Level 1:colcon.colcon_core.package_identification:_identify(src) by extensions ['colcon_pkg']
[1.000s] Level 1:colcon.colcon_core.package_identification:_identify(src) by extension 'colcon_pkg'
[1.000s] Level 1:colcon.colcon_core.package_identification:_identify(src) by extensions ['colcon_meta']
[1.000s] Level 1:colcon.colcon_core.package_identification:_identify(src) by extension 'colcon_meta'
[1.000s] Level 1:colcon.colcon_core.package_identification:_identify(src) by extensions ['ros']
[1.000s] Level 1:colcon.colcon_core.package_identification:_identify(src) by extension 'ros'
[1.000s] Level 1:colcon.colcon_core.package_identification:_identify(src) by extensions ['cmake', 'python']
[1.000s] Level 1:colcon.colcon_core.package_identification:_identify(src) by extension 'cmake'
[1.000s] Level 1:colcon.colcon_core.package_identification:_identify(src) by extension 'python'
[1.000s] Level 1:colcon.colcon_core.package_identification:_identify(src) by extensions ['python_setup_py']
[1.000s] Level 1:colcon.colcon_core.package_identification:_identify(src) by extension 'python_setup_py'
[1.000s] Level 1:colcon.colcon_core.package_identification:_identify(src/my_robot_bringup) by extensions ['ignore', 'ignore_ament_install']
[1.000s] Level 1:colcon.colcon_core.package_identification:_identify(src/my_robot_bringup) by extension 'ignore'
[1.000s] Level 1:colcon.colcon_core.package_identification:_identify(src/my_robot_bringup) by extension 'ignore_ament_install'
[1.000s] Level 1:colcon.colcon_core.package_identification:_identify(src/my_robot_bringup) by extensions ['colcon_pkg']
[1.001s] Level 1:colcon.colcon_core.package_identification:_identify(src/my_robot_bringup) by extension 'colcon_pkg'
[1.001s] Level 1:colcon.colcon_core.package_identification:_identify(src/my_robot_bringup) by extensions ['colcon_meta']
[1.001s] Level 1:colcon.colcon_core.package_identification:_identify(src/my_robot_bringup) by extension 'colcon_meta'
[1.001s] Level 1:colcon.colcon_core.package_identification:_identify(src/my_robot_bringup) by extensions ['ros']
[1.001s] Level 1:colcon.colcon_core.package_identification:_identify(src/my_robot_bringup) by extension 'ros'
[1.003s] DEBUG:colcon.colcon_core.package_identification:Package 'src/my_robot_bringup' with type 'ros.ament_cmake' and name 'my_robot_bringup'
[1.003s] Level 1:colcon.colcon_core.package_identification:_identify(src/my_robot_description) by extensions ['ignore', 'ignore_ament_install']
[1.003s] Level 1:colcon.colcon_core.package_identification:_identify(src/my_robot_description) by extension 'ignore'
[1.003s] Level 1:colcon.colcon_core.package_identification:_identify(src/my_robot_description) by extension 'ignore_ament_install'
[1.003s] Level 1:colcon.colcon_core.package_identification:_identify(src/my_robot_description) by extensions ['colcon_pkg']
[1.003s] Level 1:colcon.colcon_core.package_identification:_identify(src/my_robot_description) by extension 'colcon_pkg'
[1.003s] Level 1:colcon.colcon_core.package_identification:_identify(src/my_robot_description) by extensions ['colcon_meta']
[1.003s] Level 1:colcon.colcon_core.package_identification:_identify(src/my_robot_description) by extension 'colcon_meta'
[1.003s] Level 1:colcon.colcon_core.package_identification:_identify(src/my_robot_description) by extensions ['ros']
[1.004s] Level 1:colcon.colcon_core.package_identification:_identify(src/my_robot_description) by extension 'ros'
[1.004s] DEBUG:colcon.colcon_core.package_identification:Package 'src/my_robot_description' with type 'ros.ament_cmake' and name 'my_robot_description'
[1.004s] Level 1:colcon.colcon_core.package_discovery:discover_packages(recursive) using defaults
[1.004s] Level 1:colcon.colcon_core.package_discovery:discover_packages(ignore) discover
[1.004s] Level 1:colcon.colcon_core.package_discovery:discover_packages(ignore) using defaults
[1.004s] Level 1:colcon.colcon_core.package_discovery:discover_packages(path) discover
[1.004s] Level 1:colcon.colcon_core.package_discovery:discover_packages(path) using defaults
[1.090s] Level 1:colcon.colcon_core.package_discovery:discover_packages(prefix_path) check parameters
[1.090s] Level 1:colcon.colcon_core.package_discovery:discover_packages(prefix_path) discover
[1.119s] DEBUG:colcon.colcon_installed_package_information.package_discovery:Found 2 installed packages in /home/hashika/ros_ws/install
[1.134s] DEBUG:colcon.colcon_installed_package_information.package_discovery:Found 389 installed packages in /opt/ros/humble
[1.136s] Level 1:colcon.colcon_core.package_discovery:discover_packages(prefix_path) using defaults
[1.240s] Level 5:colcon.colcon_core.verb:set package 'my_robot_description' build argument 'cmake_args' from command line to 'None'
[1.240s] Level 5:colcon.colcon_core.verb:set package 'my_robot_description' build argument 'cmake_target' from command line to 'None'
[1.240s] Level 5:colcon.colcon_core.verb:set package 'my_robot_description' build argument 'cmake_target_skip_unavailable' from command line to 'False'
[1.240s] Level 5:colcon.colcon_core.verb:set package 'my_robot_description' build argument 'cmake_clean_cache' from command line to 'False'
[1.240s] Level 5:colcon.colcon_core.verb:set package 'my_robot_description' build argument 'cmake_clean_first' from command line to 'False'
[1.240s] Level 5:colcon.colcon_core.verb:set package 'my_robot_description' build argument 'cmake_force_configure' from command line to 'False'
[1.240s] Level 5:colcon.colcon_core.verb:set package 'my_robot_description' build argument 'ament_cmake_args' from command line to 'None'
[1.240s] Level 5:colcon.colcon_core.verb:set package 'my_robot_description' build argument 'catkin_cmake_args' from command line to 'None'
[1.240s] Level 5:colcon.colcon_core.verb:set package 'my_robot_description' build argument 'catkin_skip_building_tests' from command line to 'False'
[1.241s] DEBUG:colcon.colcon_core.verb:Building package 'my_robot_description' with the following arguments: {'ament_cmake_args': None, 'build_base': '/home/hashika/ros_ws/build/my_robot_description', 'catkin_cmake_args': None, 'catkin_skip_building_tests': False, 'cmake_args': None, 'cmake_clean_cache': False, 'cmake_clean_first': False, 'cmake_force_configure': False, 'cmake_target': None, 'cmake_target_skip_unavailable': False, 'install_base': '/home/hashika/ros_ws/install/my_robot_description', 'merge_install': False, 'path': '/home/hashika/ros_ws/src/my_robot_description', 'symlink_install': True, 'test_result_base': None}
[1.254s] Level 5:colcon.colcon_core.verb:set package 'my_robot_bringup' build argument 'cmake_args' from command line to 'None'
[1.255s] Level 5:colcon.colcon_core.verb:set package 'my_robot_bringup' build argument 'cmake_target' from command line to 'None'
[1.255s] Level 5:colcon.colcon_core.verb:set package 'my_robot_bringup' build argument 'cmake_target_skip_unavailable' from command line to 'False'
[1.255s] Level 5:colcon.colcon_core.verb:set package 'my_robot_bringup' build argument 'cmake_clean_cache' from command line to 'False'
[1.255s] Level 5:colcon.colcon_core.verb:set package 'my_robot_bringup' build argument 'cmake_clean_first' from command line to 'False'
[1.255s] Level 5:colcon.colcon_core.verb:set package 'my_robot_bringup' build argument 'cmake_force_configure' from command line to 'False'
[1.255s] Level 5:colcon.colcon_core.verb:set package 'my_robot_bringup' build argument 'ament_cmake_args' from command line to 'None'
[1.255s] Level 5:colcon.colcon_core.verb:set package 'my_robot_bringup' build argument 'catkin_cmake_args' from command line to 'None'
[1.255s] Level 5:colcon.colcon_core.verb:set package 'my_robot_bringup' build argument 'catkin_skip_building_tests' from command line to 'False'
[1.255s] DEBUG:colcon.colcon_core.verb:Building package 'my_robot_bringup' with the following arguments: {'ament_cmake_args': None, 'build_base': '/home/hashika/ros_ws/build/my_robot_bringup', 'catkin_cmake_args': None, 'catkin_skip_building_tests': False, 'cmake_args': None, 'cmake_clean_cache': False, 'cmake_clean_first': False, 'cmake_force_configure': False, 'cmake_target': None, 'cmake_target_skip_unavailable': False, 'install_base': '/home/hashika/ros_ws/install/my_robot_bringup', 'merge_install': False, 'path': '/home/hashika/ros_ws/src/my_robot_bringup', 'symlink_install': True, 'test_result_base': None}
[1.269s] INFO:colcon.colcon_core.executor:Executing jobs using 'parallel' executor
[1.283s] DEBUG:colcon.colcon_parallel_executor.executor.parallel:run_until_complete
[1.283s] INFO:colcon.colcon_ros.task.ament_cmake.build:Building ROS package in '/home/hashika/ros_ws/src/my_robot_description' with build type 'ament_cmake'
[1.284s] INFO:colcon.colcon_cmake.task.cmake.build:Building CMake package in '/home/hashika/ros_ws/src/my_robot_description'
[1.303s] INFO:colcon.colcon_core.plugin_system:Skipping extension 'colcon_core.shell.bat': Not used on non-Windows systems
[1.303s] INFO:colcon.colcon_core.shell:Skip shell extension 'powershell' for command environment: Not usable outside of PowerShell
[1.303s] DEBUG:colcon.colcon_core.shell:Skip shell extension 'dsv' for command environment
[1.353s] DEBUG:colcon.colcon_core.event_handler.log_command:Invoking command in '/home/hashika/ros_ws/build/my_robot_description': CMAKE_PREFIX_PATH=${CMAKE_PREFIX_PATH}:/opt/ros/humble /usr/bin/cmake --build /home/hashika/ros_ws/build/my_robot_description -- -j8 -l8
[1.385s] DEBUG:colcon.colcon_core.event_handler.log_command:Invoked command in '/home/hashika/ros_ws/build/my_robot_description' returned '0': CMAKE_PREFIX_PATH=${CMAKE_PREFIX_PATH}:/opt/ros/humble /usr/bin/cmake --build /home/hashika/ros_ws/build/my_robot_description -- -j8 -l8
[1.412s] DEBUG:colcon.colcon_core.event_handler.log_command:Invoking command in '/home/hashika/ros_ws/build/my_robot_description': CMAKE_PREFIX_PATH=${CMAKE_PREFIX_PATH}:/opt/ros/humble /usr/bin/cmake --install /home/hashika/ros_ws/build/my_robot_description
[1.434s] Level 1:colcon.colcon_core.environment:create_environment_scripts_only(my_robot_description)
[1.435s] DEBUG:colcon.colcon_core.event_handler.log_command:Invoked command in '/home/hashika/ros_ws/build/my_robot_description' returned '0': CMAKE_PREFIX_PATH=${CMAKE_PREFIX_PATH}:/opt/ros/humble /usr/bin/cmake --install /home/hashika/ros_ws/build/my_robot_description
[1.450s] Level 1:colcon.colcon_core.environment:checking '/home/hashika/ros_ws/install/my_robot_description' for CMake module files
[1.451s] Level 1:colcon.colcon_core.environment:checking '/home/hashika/ros_ws/install/my_robot_description' for CMake config files
[1.451s] Level 1:colcon.colcon_core.shell:create_environment_hook('my_robot_description', 'cmake_prefix_path')
[1.465s] INFO:colcon.colcon_core.shell:Creating environment hook '/home/hashika/ros_ws/install/my_robot_description/share/my_robot_description/hook/cmake_prefix_path.ps1'
[1.473s] INFO:colcon.colcon_core.shell:Creating environment descriptor '/home/hashika/ros_ws/install/my_robot_description/share/my_robot_description/hook/cmake_prefix_path.dsv'
[1.475s] INFO:colcon.colcon_core.shell:Creating environment hook '/home/hashika/ros_ws/install/my_robot_description/share/my_robot_description/hook/cmake_prefix_path.sh'
[1.478s] Level 1:colcon.colcon_core.environment:checking '/home/hashika/ros_ws/install/my_robot_description/bin'
[1.478s] Level 1:colcon.colcon_core.environment:checking '/home/hashika/ros_ws/install/my_robot_description/lib/pkgconfig/my_robot_description.pc'
[1.479s] Level 1:colcon.colcon_core.environment:checking '/home/hashika/ros_ws/install/my_robot_description/lib/python3.10/site-packages'
[1.480s] Level 1:colcon.colcon_core.environment:checking '/home/hashika/ros_ws/install/my_robot_description/bin'
[1.504s] INFO:colcon.colcon_core.shell:Creating package script '/home/hashika/ros_ws/install/my_robot_description/share/my_robot_description/package.ps1'
[1.504s] INFO:colcon.colcon_core.shell:Creating package descriptor '/home/hashika/ros_ws/install/my_robot_description/share/my_robot_description/package.dsv'
[1.505s] INFO:colcon.colcon_core.shell:Creating package script '/home/hashika/ros_ws/install/my_robot_description/share/my_robot_description/package.sh'
[1.506s] INFO:colcon.colcon_core.shell:Creating package script '/home/hashika/ros_ws/install/my_robot_description/share/my_robot_description/package.bash'
[1.507s] INFO:colcon.colcon_core.shell:Creating package script '/home/hashika/ros_ws/install/my_robot_description/share/my_robot_description/package.zsh'
[1.507s] Level 1:colcon.colcon_core.environment:create_file_with_runtime_dependencies(/home/hashika/ros_ws/install/my_robot_description/share/colcon-core/packages/my_robot_description)
[1.541s] Level 1:colcon.colcon_core.environment:create_environment_scripts_only(my_robot_description)
[1.555s] Level 1:colcon.colcon_core.environment:checking '/home/hashika/ros_ws/install/my_robot_description' for CMake module files
[1.555s] Level 1:colcon.colcon_core.environment:checking '/home/hashika/ros_ws/install/my_robot_description' for CMake config files
[1.556s] Level 1:colcon.colcon_core.shell:create_environment_hook('my_robot_description', 'cmake_prefix_path')
[1.569s] INFO:colcon.colcon_core.shell:Creating environment hook '/home/hashika/ros_ws/install/my_robot_description/share/my_robot_description/hook/cmake_prefix_path.ps1'
[1.570s] INFO:colcon.colcon_core.shell:Creating environment descriptor '/home/hashika/ros_ws/install/my_robot_description/share/my_robot_description/hook/cmake_prefix_path.dsv'
[1.570s] INFO:colcon.colcon_core.shell:Creating environment hook '/home/hashika/ros_ws/install/my_robot_description/share/my_robot_description/hook/cmake_prefix_path.sh'
[1.570s] Level 1:colcon.colcon_core.environment:checking '/home/hashika/ros_ws/install/my_robot_description/bin'
[1.570s] Level 1:colcon.colcon_core.environment:checking '/home/hashika/ros_ws/install/my_robot_description/lib/pkgconfig/my_robot_description.pc'
[1.571s] Level 1:colcon.colcon_core.environment:checking '/home/hashika/ros_ws/install/my_robot_description/lib/python3.10/site-packages'
[1.571s] Level 1:colcon.colcon_core.environment:checking '/home/hashika/ros_ws/install/my_robot_description/bin'
[1.585s] INFO:colcon.colcon_core.shell:Creating package script '/home/hashika/ros_ws/install/my_robot_description/share/my_robot_description/package.ps1'
[1.585s] INFO:colcon.colcon_core.shell:Creating package descriptor '/home/hashika/ros_ws/install/my_robot_description/share/my_robot_description/package.dsv'
[1.585s] INFO:colcon.colcon_core.shell:Creating package script '/home/hashika/ros_ws/install/my_robot_description/share/my_robot_description/package.sh'
[1.586s] INFO:colcon.colcon_core.shell:Creating package script '/home/hashika/ros_ws/install/my_robot_description/share/my_robot_description/package.bash'
[1.586s] INFO:colcon.colcon_core.shell:Creating package script '/home/hashika/ros_ws/install/my_robot_description/share/my_robot_description/package.zsh'
[1.586s] Level 1:colcon.colcon_core.environment:create_file_with_runtime_dependencies(/home/hashika/ros_ws/install/my_robot_description/share/colcon-core/packages/my_robot_description)
[1.587s] INFO:colcon.colcon_ros.task.ament_cmake.build:Building ROS package in '/home/hashika/ros_ws/src/my_robot_bringup' with build type 'ament_cmake'
[1.587s] INFO:colcon.colcon_cmake.task.cmake.build:Building CMake package in '/home/hashika/ros_ws/src/my_robot_bringup'
[1.602s] INFO:colcon.colcon_core.shell:Skip shell extension 'powershell' for command environment: Not usable outside of PowerShell
[1.602s] DEBUG:colcon.colcon_core.shell:Skip shell extension 'dsv' for command environment
[1.656s] DEBUG:colcon.colcon_core.event_handler.log_command:Invoking command in '/home/hashika/ros_ws/build/my_robot_bringup': CMAKE_PREFIX_PATH=/home/hashika/ros_ws/install/my_robot_description:/home/hashika/ros_ws/install/my_robot_bringup:/opt/ros/humble /usr/bin/cmake --build /home/hashika/ros_ws/build/my_robot_bringup -- -j8 -l8
[1.688s] DEBUG:colcon.colcon_core.event_handler.log_command:Invoked command in '/home/hashika/ros_ws/build/my_robot_bringup' returned '0': CMAKE_PREFIX_PATH=/home/hashika/ros_ws/install/my_robot_description:/home/hashika/ros_ws/install/my_robot_bringup:/opt/ros/humble /usr/bin/cmake --build /home/hashika/ros_ws/build/my_robot_bringup -- -j8 -l8
[1.709s] DEBUG:colcon.colcon_core.event_handler.log_command:Invoking command in '/home/hashika/ros_ws/build/my_robot_bringup': CMAKE_PREFIX_PATH=/home/hashika/ros_ws/install/my_robot_description:/home/hashika/ros_ws/install/my_robot_bringup:/opt/ros/humble /usr/bin/cmake --install /home/hashika/ros_ws/build/my_robot_bringup
[1.730s] Level 1:colcon.colcon_core.environment:create_environment_scripts_only(my_robot_bringup)
[1.730s] DEBUG:colcon.colcon_core.event_handler.log_command:Invoked command in '/home/hashika/ros_ws/build/my_robot_bringup' returned '0': CMAKE_PREFIX_PATH=/home/hashika/ros_ws/install/my_robot_description:/home/hashika/ros_ws/install/my_robot_bringup:/opt/ros/humble /usr/bin/cmake --install /home/hashika/ros_ws/build/my_robot_bringup
[1.744s] Level 1:colcon.colcon_core.environment:checking '/home/hashika/ros_ws/install/my_robot_bringup' for CMake module files
[1.745s] Level 1:colcon.colcon_core.environment:checking '/home/hashika/ros_ws/install/my_robot_bringup' for CMake config files
[1.745s] Level 1:colcon.colcon_core.shell:create_environment_hook('my_robot_bringup', 'cmake_prefix_path')
[1.759s] INFO:colcon.colcon_core.shell:Creating environment hook '/home/hashika/ros_ws/install/my_robot_bringup/share/my_robot_bringup/hook/cmake_prefix_path.ps1'
[1.759s] INFO:colcon.colcon_core.shell:Creating environment descriptor '/home/hashika/ros_ws/install/my_robot_bringup/share/my_robot_bringup/hook/cmake_prefix_path.dsv'
[1.759s] INFO:colcon.colcon_core.shell:Creating environment hook '/home/hashika/ros_ws/install/my_robot_bringup/share/my_robot_bringup/hook/cmake_prefix_path.sh'
[1.760s] Level 1:colcon.colcon_core.environment:checking '/home/hashika/ros_ws/install/my_robot_bringup/bin'
[1.760s] Level 1:colcon.colcon_core.environment:checking '/home/hashika/ros_ws/install/my_robot_bringup/lib/pkgconfig/my_robot_bringup.pc'
[1.760s] Level 1:colcon.colcon_core.environment:checking '/home/hashika/ros_ws/install/my_robot_bringup/lib/python3.10/site-packages'
[1.760s] Level 1:colcon.colcon_core.environment:checking '/home/hashika/ros_ws/install/my_robot_bringup/bin'
[1.776s] INFO:colcon.colcon_core.shell:Creating package script '/home/hashika/ros_ws/install/my_robot_bringup/share/my_robot_bringup/package.ps1'
[1.776s] INFO:colcon.colcon_core.shell:Creating package descriptor '/home/hashika/ros_ws/install/my_robot_bringup/share/my_robot_bringup/package.dsv'
[1.776s] INFO:colcon.colcon_core.shell:Creating package script '/home/hashika/ros_ws/install/my_robot_bringup/share/my_robot_bringup/package.sh'
[1.777s] INFO:colcon.colcon_core.shell:Creating package script '/home/hashika/ros_ws/install/my_robot_bringup/share/my_robot_bringup/package.bash'
[1.777s] INFO:colcon.colcon_core.shell:Creating package script '/home/hashika/ros_ws/install/my_robot_bringup/share/my_robot_bringup/package.zsh'
[1.777s] Level 1:colcon.colcon_core.environment:create_file_with_runtime_dependencies(/home/hashika/ros_ws/install/my_robot_bringup/share/colcon-core/packages/my_robot_bringup)
[1.810s] Level 1:colcon.colcon_core.environment:create_environment_scripts_only(my_robot_bringup)
[1.824s] Level 1:colcon.colcon_core.environment:checking '/home/hashika/ros_ws/install/my_robot_bringup' for CMake module files
[1.824s] Level 1:colcon.colcon_core.environment:checking '/home/hashika/ros_ws/install/my_robot_bringup' for CMake config files
[1.824s] Level 1:colcon.colcon_core.shell:create_environment_hook('my_robot_bringup', 'cmake_prefix_path')
[1.838s] INFO:colcon.colcon_core.shell:Creating environment hook '/home/hashika/ros_ws/install/my_robot_bringup/share/my_robot_bringup/hook/cmake_prefix_path.ps1'
[1.838s] INFO:colcon.colcon_core.shell:Creating environment descriptor '/home/hashika/ros_ws/install/my_robot_bringup/share/my_robot_bringup/hook/cmake_prefix_path.dsv'
[1.839s] INFO:colcon.colcon_core.shell:Creating environment hook '/home/hashika/ros_ws/install/my_robot_bringup/share/my_robot_bringup/hook/cmake_prefix_path.sh'
[1.839s] Level 1:colcon.colcon_core.environment:checking '/home/hashika/ros_ws/install/my_robot_bringup/bin'
[1.839s] Level 1:colcon.colcon_core.environment:checking '/home/hashika/ros_ws/install/my_robot_bringup/lib/pkgconfig/my_robot_bringup.pc'
[1.839s] Level 1:colcon.colcon_core.environment:checking '/home/hashika/ros_ws/install/my_robot_bringup/lib/python3.10/site-packages'
[1.839s] Level 1:colcon.colcon_core.environment:checking '/home/hashika/ros_ws/install/my_robot_bringup/bin'
[1.853s] INFO:colcon.colcon_core.shell:Creating package script '/home/hashika/ros_ws/install/my_robot_bringup/share/my_robot_bringup/package.ps1'
[1.853s] INFO:colcon.colcon_core.shell:Creating package descriptor '/home/hashika/ros_ws/install/my_robot_bringup/share/my_robot_bringup/package.dsv'
[1.854s] INFO:colcon.colcon_core.shell:Creating package script '/home/hashika/ros_ws/install/my_robot_bringup/share/my_robot_bringup/package.sh'
[1.854s] INFO:colcon.colcon_core.shell:Creating package script '/home/hashika/ros_ws/install/my_robot_bringup/share/my_robot_bringup/package.bash'
[1.854s] INFO:colcon.colcon_core.shell:Creating package script '/home/hashika/ros_ws/install/my_robot_bringup/share/my_robot_bringup/package.zsh'
[1.855s] Level 1:colcon.colcon_core.environment:create_file_with_runtime_dependencies(/home/hashika/ros_ws/install/my_robot_bringup/share/colcon-core/packages/my_robot_bringup)
[1.855s] DEBUG:colcon.colcon_parallel_executor.executor.parallel:closing loop
[1.855s] DEBUG:colcon.colcon_parallel_executor.executor.parallel:loop closed
[1.855s] DEBUG:colcon.colcon_parallel_executor.executor.parallel:run_until_complete finished with '0'
[1.856s] DEBUG:colcon.colcon_core.event_reactor:joining thread
[1.875s] INFO:colcon.colcon_core.plugin_system:Skipping extension 'colcon_notification.desktop_notification.terminal_notifier': Not used on non-Darwin systems
[1.875s] INFO:colcon.colcon_core.plugin_system:Skipping extension 'colcon_notification.desktop_notification.win32': Not used on non-Windows systems
[1.875s] INFO:colcon.colcon_notification.desktop_notification:Sending desktop notification using 'notify2'
[1.886s] DEBUG:colcon.colcon_core.event_reactor:joined thread
[1.901s] INFO:colcon.colcon_core.shell:Creating prefix script '/home/hashika/ros_ws/install/local_setup.ps1'
[1.902s] INFO:colcon.colcon_core.shell:Creating prefix util module '/home/hashika/ros_ws/install/_local_setup_util_ps1.py'
[1.903s] INFO:colcon.colcon_core.shell:Creating prefix chain script '/home/hashika/ros_ws/install/setup.ps1'
[1.922s] INFO:colcon.colcon_core.shell:Creating prefix script '/home/hashika/ros_ws/install/local_setup.sh'
[1.923s] INFO:colcon.colcon_core.shell:Creating prefix util module '/home/hashika/ros_ws/install/_local_setup_util_sh.py'
[1.923s] INFO:colcon.colcon_core.shell:Creating prefix chain script '/home/hashika/ros_ws/install/setup.sh'
[1.942s] INFO:colcon.colcon_core.shell:Creating prefix script '/home/hashika/ros_ws/install/local_setup.bash'
[1.942s] INFO:colcon.colcon_core.shell:Creating prefix chain script '/home/hashika/ros_ws/install/setup.bash'
[1.961s] INFO:colcon.colcon_core.shell:Creating prefix script '/home/hashika/ros_ws/install/local_setup.zsh'
[1.962s] INFO:colcon.colcon_core.shell:Creating prefix chain script '/home/hashika/ros_ws/install/setup.zsh'
