[0.053s] Invoking command in '/home/hashika/ros_ws/build/my_robot_bringup': CMAKE_PREFIX_PATH=/home/hashika/ros_ws/install/my_robot_description:/home/hashika/ros_ws/install/my_robot_bringup:/opt/ros/humble /usr/bin/cmake /home/hashika/ros_ws/src/my_robot_bringup -DCMAKE_INSTALL_PREFIX=/home/hashika/ros_ws/install/my_robot_bringup
[0.063s] -- Found ament_cmake: 1.3.6 (/opt/ros/humble/share/ament_cmake/cmake)
[0.184s] -- Override CMake install command with custom implementation using symlinks instead of copying resources
[0.190s] -- Found ament_lint_auto: 0.12.9 (/opt/ros/humble/share/ament_lint_auto/cmake)
[0.251s] -- Added test 'lint_cmake' to check CMake code style
[0.252s] -- Added test 'xmllint' to check XML markup files
[0.252s] -- Configuring done
[0.255s] -- Generating done
[0.255s] -- Build files have been written to: /home/hashika/ros_ws/build/my_robot_bringup
[0.258s] Invoked command in '/home/hashika/ros_ws/build/my_robot_bringup' returned '0': CMAKE_PREFIX_PATH=/home/hashika/ros_ws/install/my_robot_description:/home/hashika/ros_ws/install/my_robot_bringup:/opt/ros/humble /usr/bin/cmake /home/hashika/ros_ws/src/my_robot_bringup -DCMAKE_INSTALL_PREFIX=/home/hashika/ros_ws/install/my_robot_bringup
[0.259s] Invoking command in '/home/hashika/ros_ws/build/my_robot_bringup': CMAKE_PREFIX_PATH=/home/hashika/ros_ws/install/my_robot_description:/home/hashika/ros_ws/install/my_robot_bringup:/opt/ros/humble /usr/bin/cmake --build /home/hashika/ros_ws/build/my_robot_bringup -- -j8 -l8
[0.292s] Invoked command in '/home/hashika/ros_ws/build/my_robot_bringup' returned '0': CMAKE_PREFIX_PATH=/home/hashika/ros_ws/install/my_robot_description:/home/hashika/ros_ws/install/my_robot_bringup:/opt/ros/humble /usr/bin/cmake --build /home/hashika/ros_ws/build/my_robot_bringup -- -j8 -l8
[0.313s] Invoking command in '/home/hashika/ros_ws/build/my_robot_bringup': CMAKE_PREFIX_PATH=/home/hashika/ros_ws/install/my_robot_description:/home/hashika/ros_ws/install/my_robot_bringup:/opt/ros/humble /usr/bin/cmake --install /home/hashika/ros_ws/build/my_robot_bringup
[0.319s] -- Install configuration: ""
[0.319s] -- Execute custom install script
[0.320s] -- Up-to-date symlink: /home/hashika/ros_ws/install/my_robot_bringup/share/ament_index/resource_index/package_run_dependencies/my_robot_bringup
[0.320s] -- Up-to-date symlink: /home/hashika/ros_ws/install/my_robot_bringup/share/ament_index/resource_index/parent_prefix_path/my_robot_bringup
[0.320s] -- Up-to-date symlink: /home/hashika/ros_ws/install/my_robot_bringup/share/my_robot_bringup/environment/ament_prefix_path.sh
[0.320s] -- Up-to-date symlink: /home/hashika/ros_ws/install/my_robot_bringup/share/my_robot_bringup/environment/ament_prefix_path.dsv
[0.320s] -- Up-to-date symlink: /home/hashika/ros_ws/install/my_robot_bringup/share/my_robot_bringup/environment/path.sh
[0.321s] -- Up-to-date symlink: /home/hashika/ros_ws/install/my_robot_bringup/share/my_robot_bringup/environment/path.dsv
[0.321s] -- Up-to-date symlink: /home/hashika/ros_ws/install/my_robot_bringup/share/my_robot_bringup/local_setup.bash
[0.321s] -- Up-to-date symlink: /home/hashika/ros_ws/install/my_robot_bringup/share/my_robot_bringup/local_setup.sh
[0.321s] -- Up-to-date symlink: /home/hashika/ros_ws/install/my_robot_bringup/share/my_robot_bringup/local_setup.zsh
[0.321s] -- Up-to-date symlink: /home/hashika/ros_ws/install/my_robot_bringup/share/my_robot_bringup/local_setup.dsv
[0.321s] -- Symlinking: /home/hashika/ros_ws/install/my_robot_bringup/share/my_robot_bringup/package.dsv
[0.329s] -- Up-to-date symlink: /home/hashika/ros_ws/install/my_robot_bringup/share/ament_index/resource_index/packages/my_robot_bringup
[0.330s] -- Up-to-date symlink: /home/hashika/ros_ws/install/my_robot_bringup/share/my_robot_bringup/cmake/my_robot_bringupConfig.cmake
[0.330s] -- Up-to-date symlink: /home/hashika/ros_ws/install/my_robot_bringup/share/my_robot_bringup/cmake/my_robot_bringupConfig-version.cmake
[0.330s] -- Up-to-date symlink: /home/hashika/ros_ws/install/my_robot_bringup/share/my_robot_bringup/package.xml
[0.332s] Invoked command in '/home/hashika/ros_ws/build/my_robot_bringup' returned '0': CMAKE_PREFIX_PATH=/home/hashika/ros_ws/install/my_robot_description:/home/hashika/ros_ws/install/my_robot_bringup:/opt/ros/humble /usr/bin/cmake --install /home/hashika/ros_ws/build/my_robot_bringup
