[0.055s] Invoking command in '/home/hashika/ros_ws/build/my_robot_bringup': CMAKE_PREFIX_PATH=/home/hashika/ros_ws/install/my_robot_description:/home/hashika/ros_ws/install/my_robot_bringup:/opt/ros/humble /usr/bin/cmake /home/hashika/ros_ws/src/my_robot_bringup -DAMENT_CMAKE_SYMLINK_INSTALL=1 -DCMAKE_INSTALL_PREFIX=/home/hashika/ros_ws/install/my_robot_bringup
[0.065s] -- Found ament_cmake: 1.3.6 (/opt/ros/humble/share/ament_cmake/cmake)
[0.184s] -- Override CMake install command with custom implementation using symlinks instead of copying resources
[0.245s] -- Configuring done
[0.247s] -- Generating done
[0.248s] -- Build files have been written to: /home/hashika/ros_ws/build/my_robot_bringup
[0.250s] Invoked command in '/home/hashika/ros_ws/build/my_robot_bringup' returned '0': CMAKE_PREFIX_PATH=/home/hashika/ros_ws/install/my_robot_description:/home/hashika/ros_ws/install/my_robot_bringup:/opt/ros/humble /usr/bin/cmake /home/hashika/ros_ws/src/my_robot_bringup -DAMENT_CMAKE_SYMLINK_INSTALL=1 -DCMAKE_INSTALL_PREFIX=/home/hashika/ros_ws/install/my_robot_bringup
[0.251s] Invoking command in '/home/hashika/ros_ws/build/my_robot_bringup': CMAKE_PREFIX_PATH=/home/hashika/ros_ws/install/my_robot_description:/home/hashika/ros_ws/install/my_robot_bringup:/opt/ros/humble /usr/bin/cmake --build /home/hashika/ros_ws/build/my_robot_bringup -- -j8 -l8
[0.283s] Invoked command in '/home/hashika/ros_ws/build/my_robot_bringup' returned '0': CMAKE_PREFIX_PATH=/home/hashika/ros_ws/install/my_robot_description:/home/hashika/ros_ws/install/my_robot_bringup:/opt/ros/humble /usr/bin/cmake --build /home/hashika/ros_ws/build/my_robot_bringup -- -j8 -l8
[0.304s] Invoking command in '/home/hashika/ros_ws/build/my_robot_bringup': CMAKE_PREFIX_PATH=/home/hashika/ros_ws/install/my_robot_description:/home/hashika/ros_ws/install/my_robot_bringup:/opt/ros/humble /usr/bin/cmake --install /home/hashika/ros_ws/build/my_robot_bringup
[0.310s] -- Install configuration: ""
[0.311s] -- Execute custom install script
[0.311s] -- Symlinking: /home/hashika/ros_ws/install/my_robot_bringup/share/my_robot_bringup//launch/my_robot_gazebo.launch.xml
[0.319s] -- Up-to-date symlink: /home/hashika/ros_ws/install/my_robot_bringup/share/ament_index/resource_index/package_run_dependencies/my_robot_bringup
[0.319s] -- Up-to-date symlink: /home/hashika/ros_ws/install/my_robot_bringup/share/ament_index/resource_index/parent_prefix_path/my_robot_bringup
[0.319s] -- Up-to-date symlink: /home/hashika/ros_ws/install/my_robot_bringup/share/my_robot_bringup/environment/ament_prefix_path.sh
[0.319s] -- Up-to-date symlink: /home/hashika/ros_ws/install/my_robot_bringup/share/my_robot_bringup/environment/ament_prefix_path.dsv
[0.319s] -- Up-to-date symlink: /home/hashika/ros_ws/install/my_robot_bringup/share/my_robot_bringup/environment/path.sh
[0.319s] -- Up-to-date symlink: /home/hashika/ros_ws/install/my_robot_bringup/share/my_robot_bringup/environment/path.dsv
[0.320s] -- Up-to-date symlink: /home/hashika/ros_ws/install/my_robot_bringup/share/my_robot_bringup/local_setup.bash
[0.320s] -- Up-to-date symlink: /home/hashika/ros_ws/install/my_robot_bringup/share/my_robot_bringup/local_setup.sh
[0.320s] -- Up-to-date symlink: /home/hashika/ros_ws/install/my_robot_bringup/share/my_robot_bringup/local_setup.zsh
[0.320s] -- Up-to-date symlink: /home/hashika/ros_ws/install/my_robot_bringup/share/my_robot_bringup/local_setup.dsv
[0.320s] -- Symlinking: /home/hashika/ros_ws/install/my_robot_bringup/share/my_robot_bringup/package.dsv
[0.328s] -- Up-to-date symlink: /home/hashika/ros_ws/install/my_robot_bringup/share/ament_index/resource_index/packages/my_robot_bringup
[0.328s] -- Up-to-date symlink: /home/hashika/ros_ws/install/my_robot_bringup/share/my_robot_bringup/cmake/my_robot_bringupConfig.cmake
[0.328s] -- Up-to-date symlink: /home/hashika/ros_ws/install/my_robot_bringup/share/my_robot_bringup/cmake/my_robot_bringupConfig-version.cmake
[0.328s] -- Up-to-date symlink: /home/hashika/ros_ws/install/my_robot_bringup/share/my_robot_bringup/package.xml
[0.330s] Invoked command in '/home/hashika/ros_ws/build/my_robot_bringup' returned '0': CMAKE_PREFIX_PATH=/home/hashika/ros_ws/install/my_robot_description:/home/hashika/ros_ws/install/my_robot_bringup:/opt/ros/humble /usr/bin/cmake --install /home/hashika/ros_ws/build/my_robot_bringup
