[0.070s] Invoking command in '/home/hashika/ros_ws/build/my_robot_description': CMAKE_PREFIX_PATH=${CMAKE_PREFIX_PATH}:/opt/ros/humble /usr/bin/cmake /home/hashika/ros_ws/src/my_robot_description -DCMAKE_INSTALL_PREFIX=/home/hashika/ros_ws/install/my_robot_description
[0.080s] -- Found ament_cmake: 1.3.6 (/opt/ros/humble/share/ament_cmake/cmake)
[0.208s] -- Override CMake install command with custom implementation using symlinks instead of copying resources
[0.272s] -- Configuring done
[0.275s] -- Generating done
[0.276s] -- Build files have been written to: /home/hashika/ros_ws/build/my_robot_description
[0.279s] Invoked command in '/home/hashika/ros_ws/build/my_robot_description' returned '0': CMAKE_PREFIX_PATH=${CMAKE_PREFIX_PATH}:/opt/ros/humble /usr/bin/cmake /home/hashika/ros_ws/src/my_robot_description -DCMAKE_INSTALL_PREFIX=/home/hashika/ros_ws/install/my_robot_description
[0.281s] Invoking command in '/home/hashika/ros_ws/build/my_robot_description': CMAKE_PREFIX_PATH=${CMAKE_PREFIX_PATH}:/opt/ros/humble /usr/bin/cmake --build /home/hashika/ros_ws/build/my_robot_description -- -j8 -l8
[0.316s] Invoked command in '/home/hashika/ros_ws/build/my_robot_description' returned '0': CMAKE_PREFIX_PATH=${CMAKE_PREFIX_PATH}:/opt/ros/humble /usr/bin/cmake --build /home/hashika/ros_ws/build/my_robot_description -- -j8 -l8
[0.345s] Invoking command in '/home/hashika/ros_ws/build/my_robot_description': CMAKE_PREFIX_PATH=${CMAKE_PREFIX_PATH}:/opt/ros/humble /usr/bin/cmake --install /home/hashika/ros_ws/build/my_robot_description
[0.352s] -- Install configuration: ""
[0.352s] -- Execute custom install script
[0.353s] -- Up-to-date symlink: /home/hashika/ros_ws/install/my_robot_description/share/my_robot_description//urdf/inertia.xacro
[0.353s] -- Up-to-date symlink: /home/hashika/ros_ws/install/my_robot_description/share/my_robot_description//urdf/material.xacro
[0.353s] -- Up-to-date symlink: /home/hashika/ros_ws/install/my_robot_description/share/my_robot_description//urdf/mobile_base.xacro
[0.353s] -- Up-to-date symlink: /home/hashika/ros_ws/install/my_robot_description/share/my_robot_description//urdf/two_wheel_robot.urdf.xacro
[0.353s] -- Up-to-date symlink: /home/hashika/ros_ws/install/my_robot_description/share/my_robot_description//launch/display.launch.xml
[0.353s] -- Up-to-date symlink: /home/hashika/ros_ws/install/my_robot_description/share/my_robot_description//rviz/robot_config.rviz
[0.353s] -- Up-to-date symlink: /home/hashika/ros_ws/install/my_robot_description/share/ament_index/resource_index/package_run_dependencies/my_robot_description
[0.354s] -- Up-to-date symlink: /home/hashika/ros_ws/install/my_robot_description/share/ament_index/resource_index/parent_prefix_path/my_robot_description
[0.354s] -- Up-to-date symlink: /home/hashika/ros_ws/install/my_robot_description/share/my_robot_description/environment/ament_prefix_path.sh
[0.354s] -- Up-to-date symlink: /home/hashika/ros_ws/install/my_robot_description/share/my_robot_description/environment/ament_prefix_path.dsv
[0.354s] -- Up-to-date symlink: /home/hashika/ros_ws/install/my_robot_description/share/my_robot_description/environment/path.sh
[0.354s] -- Up-to-date symlink: /home/hashika/ros_ws/install/my_robot_description/share/my_robot_description/environment/path.dsv
[0.354s] -- Up-to-date symlink: /home/hashika/ros_ws/install/my_robot_description/share/my_robot_description/local_setup.bash
[0.354s] -- Up-to-date symlink: /home/hashika/ros_ws/install/my_robot_description/share/my_robot_description/local_setup.sh
[0.354s] -- Up-to-date symlink: /home/hashika/ros_ws/install/my_robot_description/share/my_robot_description/local_setup.zsh
[0.355s] -- Up-to-date symlink: /home/hashika/ros_ws/install/my_robot_description/share/my_robot_description/local_setup.dsv
[0.355s] -- Symlinking: /home/hashika/ros_ws/install/my_robot_description/share/my_robot_description/package.dsv
[0.363s] -- Up-to-date symlink: /home/hashika/ros_ws/install/my_robot_description/share/ament_index/resource_index/packages/my_robot_description
[0.363s] -- Up-to-date symlink: /home/hashika/ros_ws/install/my_robot_description/share/my_robot_description/cmake/my_robot_descriptionConfig.cmake
[0.363s] -- Up-to-date symlink: /home/hashika/ros_ws/install/my_robot_description/share/my_robot_description/cmake/my_robot_descriptionConfig-version.cmake
[0.363s] -- Up-to-date symlink: /home/hashika/ros_ws/install/my_robot_description/share/my_robot_description/package.xml
[0.365s] Invoked command in '/home/hashika/ros_ws/build/my_robot_description' returned '0': CMAKE_PREFIX_PATH=${CMAKE_PREFIX_PATH}:/opt/ros/humble /usr/bin/cmake --install /home/hashika/ros_ws/build/my_robot_description
