[0.056s] Invoking command in '/home/hashika/ros_ws/build/my_robot_description': CMAKE_PREFIX_PATH=${CMAKE_PREFIX_PATH}:/opt/ros/humble /usr/bin/cmake /home/hashika/ros_ws/src/my_robot_description -DAMENT_CMAKE_SYMLINK_INSTALL=1 -DCMAKE_INSTALL_PREFIX=/home/hashika/ros_ws/install/my_robot_description
[0.065s] -- Found ament_cmake: 1.3.6 (/opt/ros/humble/share/ament_cmake/cmake)
[0.183s] -- Override CMake install command with custom implementation using symlinks instead of copying resources
[0.246s] -- Configuring done
[0.248s] -- Generating done
[0.249s] -- Build files have been written to: /home/hashika/ros_ws/build/my_robot_description
[0.251s] Invoked command in '/home/hashika/ros_ws/build/my_robot_description' returned '0': CMAKE_PREFIX_PATH=${CMAKE_PREFIX_PATH}:/opt/ros/humble /usr/bin/cmake /home/hashika/ros_ws/src/my_robot_description -DAMENT_CMAKE_SYMLINK_INSTALL=1 -DCMAKE_INSTALL_PREFIX=/home/hashika/ros_ws/install/my_robot_description
[0.253s] Invoking command in '/home/hashika/ros_ws/build/my_robot_description': CMAKE_PREFIX_PATH=${CMAKE_PREFIX_PATH}:/opt/ros/humble /usr/bin/cmake --build /home/hashika/ros_ws/build/my_robot_description -- -j8 -l8
[0.286s] Invoked command in '/home/hashika/ros_ws/build/my_robot_description' returned '0': CMAKE_PREFIX_PATH=${CMAKE_PREFIX_PATH}:/opt/ros/humble /usr/bin/cmake --build /home/hashika/ros_ws/build/my_robot_description -- -j8 -l8
[0.311s] Invoking command in '/home/hashika/ros_ws/build/my_robot_description': CMAKE_PREFIX_PATH=${CMAKE_PREFIX_PATH}:/opt/ros/humble /usr/bin/cmake --install /home/hashika/ros_ws/build/my_robot_description
[0.318s] -- Install configuration: ""
[0.319s] -- Execute custom install script
[0.319s] -- Up-to-date symlink: /home/hashika/ros_ws/install/my_robot_description/share/my_robot_description//urdf/inertia.xacro
[0.319s] -- Up-to-date symlink: /home/hashika/ros_ws/install/my_robot_description/share/my_robot_description//urdf/material.xacro
[0.319s] -- Up-to-date symlink: /home/hashika/ros_ws/install/my_robot_description/share/my_robot_description//urdf/mobile_base.xacro
[0.320s] -- Up-to-date symlink: /home/hashika/ros_ws/install/my_robot_description/share/my_robot_description//urdf/two_wheel_robot.urdf.xacro
[0.320s] -- Up-to-date symlink: /home/hashika/ros_ws/install/my_robot_description/share/my_robot_description//launch/display.launch.xml
[0.320s] -- Up-to-date symlink: /home/hashika/ros_ws/install/my_robot_description/share/my_robot_description//rviz/robot_config.rviz
[0.320s] -- Up-to-date symlink: /home/hashika/ros_ws/install/my_robot_description/share/ament_index/resource_index/package_run_dependencies/my_robot_description
[0.320s] -- Up-to-date symlink: /home/hashika/ros_ws/install/my_robot_description/share/ament_index/resource_index/parent_prefix_path/my_robot_description
[0.321s] -- Up-to-date symlink: /home/hashika/ros_ws/install/my_robot_description/share/my_robot_description/environment/ament_prefix_path.sh
[0.321s] -- Up-to-date symlink: /home/hashika/ros_ws/install/my_robot_description/share/my_robot_description/environment/ament_prefix_path.dsv
[0.321s] -- Up-to-date symlink: /home/hashika/ros_ws/install/my_robot_description/share/my_robot_description/environment/path.sh
[0.321s] -- Up-to-date symlink: /home/hashika/ros_ws/install/my_robot_description/share/my_robot_description/environment/path.dsv
[0.321s] -- Up-to-date symlink: /home/hashika/ros_ws/install/my_robot_description/share/my_robot_description/local_setup.bash
[0.321s] -- Up-to-date symlink: /home/hashika/ros_ws/install/my_robot_description/share/my_robot_description/local_setup.sh
[0.322s] -- Up-to-date symlink: /home/hashika/ros_ws/install/my_robot_description/share/my_robot_description/local_setup.zsh
[0.322s] -- Up-to-date symlink: /home/hashika/ros_ws/install/my_robot_description/share/my_robot_description/local_setup.dsv
[0.322s] -- Symlinking: /home/hashika/ros_ws/install/my_robot_description/share/my_robot_description/package.dsv
[0.330s] -- Up-to-date symlink: /home/hashika/ros_ws/install/my_robot_description/share/ament_index/resource_index/packages/my_robot_description
[0.330s] -- Up-to-date symlink: /home/hashika/ros_ws/install/my_robot_description/share/my_robot_description/cmake/my_robot_descriptionConfig.cmake
[0.330s] -- Up-to-date symlink: /home/hashika/ros_ws/install/my_robot_description/share/my_robot_description/cmake/my_robot_descriptionConfig-version.cmake
[0.330s] -- Up-to-date symlink: /home/hashika/ros_ws/install/my_robot_description/share/my_robot_description/package.xml
[0.332s] Invoked command in '/home/hashika/ros_ws/build/my_robot_description' returned '0': CMAKE_PREFIX_PATH=${CMAKE_PREFIX_PATH}:/opt/ros/humble /usr/bin/cmake --install /home/hashika/ros_ws/build/my_robot_description
