[1.265s] DEBUG:colcon:Command line arguments: ['/usr/bin/colcon', 'list', '-p', '--base-paths', '/home/hashika/ros_ws']
[1.265s] DEBUG:colcon:Parsed command line arguments: Namespace(log_base=None, log_level=None, verb_name='list', build_base='build', ignore_user_meta=False, metas=['./colcon.meta'], base_paths=['/home/hashika/ros_ws'], packages_ignore=None, packages_ignore_regex=None, paths=None, packages_up_to=None, packages_up_to_regex=None, packages_above=None, packages_above_and_dependencies=None, packages_above_depth=None, packages_select_by_dep=None, packages_skip_by_dep=None, packages_skip_up_to=None, packages_select_build_failed=False, packages_skip_build_finished=False, packages_select_test_failures=False, packages_skip_test_passed=False, packages_select=None, packages_skip=None, packages_select_regex=None, packages_skip_regex=None, packages_start=None, packages_end=None, allow_overriding=[], topological_order=False, names_only=False, paths_only=True, topological_graph=False, topological_graph_dot=False, topological_graph_density=False, topological_graph_legend=False, topological_graph_dot_cluster=False, topological_graph_dot_include_skipped=False, verb_parser=<colcon_defaults.argument_parser.defaults.DefaultArgumentsDecorator object at 0x7f5c074c0430>, verb_extension=<colcon_package_information.verb.list.ListVerb object at 0x7f5c078b7a60>, main=<bound method ListVerb.main of <colcon_package_information.verb.list.ListVerb object at 0x7f5c078b7a60>>)
[1.315s] Level 1:colcon.colcon_core.package_discovery:discover_packages(colcon_meta) check parameters
[1.315s] Level 1:colcon.colcon_core.package_discovery:discover_packages(recursive) check parameters
[1.315s] Level 1:colcon.colcon_core.package_discovery:discover_packages(ignore) check parameters
[1.315s] Level 1:colcon.colcon_core.package_discovery:discover_packages(path) check parameters
[1.315s] Level 1:colcon.colcon_core.package_discovery:discover_packages(recursive) discover
[1.315s] INFO:colcon.colcon_core.package_discovery:Crawling recursively for packages in '/home/hashika/ros_ws'
[1.315s] Level 1:colcon.colcon_core.package_identification:_identify(/home/hashika/ros_ws) by extensions ['ignore', 'ignore_ament_install']
[1.315s] Level 1:colcon.colcon_core.package_identification:_identify(/home/hashika/ros_ws) by extension 'ignore'
[1.315s] Level 1:colcon.colcon_core.package_identification:_identify(/home/hashika/ros_ws) by extension 'ignore_ament_install'
[1.315s] Level 1:colcon.colcon_core.package_identification:_identify(/home/hashika/ros_ws) by extensions ['colcon_pkg']
[1.315s] Level 1:colcon.colcon_core.package_identification:_identify(/home/hashika/ros_ws) by extension 'colcon_pkg'
[1.315s] Level 1:colcon.colcon_core.package_identification:_identify(/home/hashika/ros_ws) by extensions ['colcon_meta']
[1.315s] Level 1:colcon.colcon_core.package_identification:_identify(/home/hashika/ros_ws) by extension 'colcon_meta'
[1.315s] Level 1:colcon.colcon_core.package_identification:_identify(/home/hashika/ros_ws) by extensions ['ros']
[1.315s] Level 1:colcon.colcon_core.package_identification:_identify(/home/hashika/ros_ws) by extension 'ros'
[1.327s] Level 1:colcon.colcon_core.package_identification:_identify(/home/hashika/ros_ws) by extensions ['cmake', 'python']
[1.327s] Level 1:colcon.colcon_core.package_identification:_identify(/home/hashika/ros_ws) by extension 'cmake'
[1.327s] Level 1:colcon.colcon_core.package_identification:_identify(/home/hashika/ros_ws) by extension 'python'
[1.327s] Level 1:colcon.colcon_core.package_identification:_identify(/home/hashika/ros_ws) by extensions ['python_setup_py']
[1.327s] Level 1:colcon.colcon_core.package_identification:_identify(/home/hashika/ros_ws) by extension 'python_setup_py'
[1.327s] Level 1:colcon.colcon_core.package_identification:_identify(/home/hashika/ros_ws/build) by extensions ['ignore', 'ignore_ament_install']
[1.327s] Level 1:colcon.colcon_core.package_identification:_identify(/home/hashika/ros_ws/build) by extension 'ignore'
[1.327s] Level 1:colcon.colcon_core.package_identification:_identify(/home/hashika/ros_ws/build) ignored
[1.327s] Level 1:colcon.colcon_core.package_identification:_identify(/home/hashika/ros_ws/install) by extensions ['ignore', 'ignore_ament_install']
[1.327s] Level 1:colcon.colcon_core.package_identification:_identify(/home/hashika/ros_ws/install) by extension 'ignore'
[1.327s] Level 1:colcon.colcon_core.package_identification:_identify(/home/hashika/ros_ws/install) ignored
[1.328s] Level 1:colcon.colcon_core.package_identification:_identify(/home/hashika/ros_ws/log) by extensions ['ignore', 'ignore_ament_install']
[1.328s] Level 1:colcon.colcon_core.package_identification:_identify(/home/hashika/ros_ws/log) by extension 'ignore'
[1.328s] Level 1:colcon.colcon_core.package_identification:_identify(/home/hashika/ros_ws/log) ignored
[1.328s] Level 1:colcon.colcon_core.package_identification:_identify(/home/hashika/ros_ws/src) by extensions ['ignore', 'ignore_ament_install']
[1.328s] Level 1:colcon.colcon_core.package_identification:_identify(/home/hashika/ros_ws/src) by extension 'ignore'
[1.328s] Level 1:colcon.colcon_core.package_identification:_identify(/home/hashika/ros_ws/src) by extension 'ignore_ament_install'
[1.328s] Level 1:colcon.colcon_core.package_identification:_identify(/home/hashika/ros_ws/src) by extensions ['colcon_pkg']
[1.328s] Level 1:colcon.colcon_core.package_identification:_identify(/home/hashika/ros_ws/src) by extension 'colcon_pkg'
[1.328s] Level 1:colcon.colcon_core.package_identification:_identify(/home/hashika/ros_ws/src) by extensions ['colcon_meta']
[1.328s] Level 1:colcon.colcon_core.package_identification:_identify(/home/hashika/ros_ws/src) by extension 'colcon_meta'
[1.328s] Level 1:colcon.colcon_core.package_identification:_identify(/home/hashika/ros_ws/src) by extensions ['ros']
[1.328s] Level 1:colcon.colcon_core.package_identification:_identify(/home/hashika/ros_ws/src) by extension 'ros'
[1.328s] Level 1:colcon.colcon_core.package_identification:_identify(/home/hashika/ros_ws/src) by extensions ['cmake', 'python']
[1.328s] Level 1:colcon.colcon_core.package_identification:_identify(/home/hashika/ros_ws/src) by extension 'cmake'
[1.328s] Level 1:colcon.colcon_core.package_identification:_identify(/home/hashika/ros_ws/src) by extension 'python'
[1.328s] Level 1:colcon.colcon_core.package_identification:_identify(/home/hashika/ros_ws/src) by extensions ['python_setup_py']
[1.328s] Level 1:colcon.colcon_core.package_identification:_identify(/home/hashika/ros_ws/src) by extension 'python_setup_py'
[1.329s] Level 1:colcon.colcon_core.package_identification:_identify(/home/hashika/ros_ws/src/my_robot_description) by extensions ['ignore', 'ignore_ament_install']
[1.329s] Level 1:colcon.colcon_core.package_identification:_identify(/home/hashika/ros_ws/src/my_robot_description) by extension 'ignore'
[1.329s] Level 1:colcon.colcon_core.package_identification:_identify(/home/hashika/ros_ws/src/my_robot_description) by extension 'ignore_ament_install'
[1.329s] Level 1:colcon.colcon_core.package_identification:_identify(/home/hashika/ros_ws/src/my_robot_description) by extensions ['colcon_pkg']
[1.329s] Level 1:colcon.colcon_core.package_identification:_identify(/home/hashika/ros_ws/src/my_robot_description) by extension 'colcon_pkg'
[1.329s] Level 1:colcon.colcon_core.package_identification:_identify(/home/hashika/ros_ws/src/my_robot_description) by extensions ['colcon_meta']
[1.329s] Level 1:colcon.colcon_core.package_identification:_identify(/home/hashika/ros_ws/src/my_robot_description) by extension 'colcon_meta'
[1.329s] Level 1:colcon.colcon_core.package_identification:_identify(/home/hashika/ros_ws/src/my_robot_description) by extensions ['ros']
[1.329s] Level 1:colcon.colcon_core.package_identification:_identify(/home/hashika/ros_ws/src/my_robot_description) by extension 'ros'
[1.331s] DEBUG:colcon.colcon_core.package_identification:Package '/home/hashika/ros_ws/src/my_robot_description' with type 'ros.ament_cmake' and name 'my_robot_description'
[1.331s] Level 1:colcon.colcon_core.package_discovery:discover_packages(recursive) using defaults
