[0.069s] Invoking command in '/home/hashika/ros_ws/build/my_robot_bringup': CMAKE_PREFIX_PATH=/home/hashika/ros_ws/install/my_robot_description:/home/hashika/ros_ws/install/my_robot_bringup:/opt/ros/humble /usr/bin/cmake --build /home/hashika/ros_ws/build/my_robot_bringup -- -j8 -l8
[0.088s] -- Found ament_cmake: 1.3.6 (/opt/ros/humble/share/ament_cmake/cmake)
[0.205s] -- Override CMake install command with custom implementation using symlinks instead of copying resources
[0.270s] -- Configuring done
[0.272s] -- Generating done
[0.273s] -- Build files have been written to: /home/hashika/ros_ws/build/my_robot_bringup
[0.291s] Invoked command in '/home/hashika/ros_ws/build/my_robot_bringup' returned '0': CMAKE_PREFIX_PATH=/home/hashika/ros_ws/install/my_robot_description:/home/hashika/ros_ws/install/my_robot_bringup:/opt/ros/humble /usr/bin/cmake --build /home/hashika/ros_ws/build/my_robot_bringup -- -j8 -l8
[0.310s] Invoking command in '/home/hashika/ros_ws/build/my_robot_bringup': CMAKE_PREFIX_PATH=/home/hashika/ros_ws/install/my_robot_description:/home/hashika/ros_ws/install/my_robot_bringup:/opt/ros/humble /usr/bin/cmake --install /home/hashika/ros_ws/build/my_robot_bringup
[0.317s] -- Install configuration: ""
[0.317s] -- Execute custom install script
[0.318s] -- Up-to-date symlink: /home/hashika/ros_ws/install/my_robot_bringup/share/my_robot_bringup//launch/joy_teleop.launch.py
[0.318s] -- Up-to-date symlink: /home/hashika/ros_ws/install/my_robot_bringup/share/my_robot_bringup//launch/localization_launch.py
[0.318s] -- Up-to-date symlink: /home/hashika/ros_ws/install/my_robot_bringup/share/my_robot_bringup//launch/my_robot_gazebo.launch.xml
[0.318s] -- Up-to-date symlink: /home/hashika/ros_ws/install/my_robot_bringup/share/my_robot_bringup//launch/navigation_launch.py
[0.318s] -- Up-to-date symlink: /home/hashika/ros_ws/install/my_robot_bringup/share/my_robot_bringup//launch/online_async_launch.py
[0.319s] -- Up-to-date symlink: /home/hashika/ros_ws/install/my_robot_bringup/share/my_robot_bringup//launch/slam.launch.xml
[0.319s] -- Up-to-date symlink: /home/hashika/ros_ws/install/my_robot_bringup/share/my_robot_bringup//rviz/robot_config.rviz
[0.319s] -- Up-to-date symlink: /home/hashika/ros_ws/install/my_robot_bringup/share/my_robot_bringup//worlds/simple room.world
[0.319s] -- Up-to-date symlink: /home/hashika/ros_ws/install/my_robot_bringup/share/my_robot_bringup//worlds/test_world.world
[0.320s] -- Symlinking: /home/hashika/ros_ws/install/my_robot_bringup/share/my_robot_bringup//config/ekf.yaml
[0.328s] -- Symlinking: /home/hashika/ros_ws/install/my_robot_bringup/share/my_robot_bringup//config/joy_stick.yaml
[0.335s] -- Symlinking: /home/hashika/ros_ws/install/my_robot_bringup/share/my_robot_bringup//config/nav2_params.yaml
[0.343s] -- Up-to-date symlink: /home/hashika/ros_ws/install/my_robot_bringup/share/ament_index/resource_index/package_run_dependencies/my_robot_bringup
[0.343s] -- Up-to-date symlink: /home/hashika/ros_ws/install/my_robot_bringup/share/ament_index/resource_index/parent_prefix_path/my_robot_bringup
[0.343s] -- Up-to-date symlink: /home/hashika/ros_ws/install/my_robot_bringup/share/my_robot_bringup/environment/ament_prefix_path.sh
[0.343s] -- Up-to-date symlink: /home/hashika/ros_ws/install/my_robot_bringup/share/my_robot_bringup/environment/ament_prefix_path.dsv
[0.344s] -- Up-to-date symlink: /home/hashika/ros_ws/install/my_robot_bringup/share/my_robot_bringup/environment/path.sh
[0.344s] -- Up-to-date symlink: /home/hashika/ros_ws/install/my_robot_bringup/share/my_robot_bringup/environment/path.dsv
[0.344s] -- Up-to-date symlink: /home/hashika/ros_ws/install/my_robot_bringup/share/my_robot_bringup/local_setup.bash
[0.344s] -- Up-to-date symlink: /home/hashika/ros_ws/install/my_robot_bringup/share/my_robot_bringup/local_setup.sh
[0.344s] -- Up-to-date symlink: /home/hashika/ros_ws/install/my_robot_bringup/share/my_robot_bringup/local_setup.zsh
[0.345s] -- Up-to-date symlink: /home/hashika/ros_ws/install/my_robot_bringup/share/my_robot_bringup/local_setup.dsv
[0.345s] -- Symlinking: /home/hashika/ros_ws/install/my_robot_bringup/share/my_robot_bringup/package.dsv
[0.353s] -- Up-to-date symlink: /home/hashika/ros_ws/install/my_robot_bringup/share/ament_index/resource_index/packages/my_robot_bringup
[0.353s] -- Up-to-date symlink: /home/hashika/ros_ws/install/my_robot_bringup/share/my_robot_bringup/cmake/my_robot_bringupConfig.cmake
[0.353s] -- Up-to-date symlink: /home/hashika/ros_ws/install/my_robot_bringup/share/my_robot_bringup/cmake/my_robot_bringupConfig-version.cmake
[0.353s] -- Up-to-date symlink: /home/hashika/ros_ws/install/my_robot_bringup/share/my_robot_bringup/package.xml
[0.355s] Invoked command in '/home/hashika/ros_ws/build/my_robot_bringup' returned '0': CMAKE_PREFIX_PATH=/home/hashika/ros_ws/install/my_robot_description:/home/hashika/ros_ws/install/my_robot_bringup:/opt/ros/humble /usr/bin/cmake --install /home/hashika/ros_ws/build/my_robot_bringup
