[0.938s] DEBUG:colcon:Command line arguments: ['/usr/bin/colcon', 'build', '--symlink-install']
[0.938s] DEBUG:colcon:Parsed command line arguments: Namespace(log_base=None, log_level=None, verb_name='build', build_base='build', install_base='install', merge_install=False, symlink_install=True, test_result_base=None, continue_on_error=False, executor='parallel', parallel_workers=8, event_handlers=None, ignore_user_meta=False, metas=['./colcon.meta'], base_paths=['.'], packages_ignore=None, packages_ignore_regex=None, paths=None, packages_up_to=None, packages_up_to_regex=None, packages_above=None, packages_above_and_dependencies=None, packages_above_depth=None, packages_select_by_dep=None, packages_skip_by_dep=None, packages_skip_up_to=None, packages_select_build_failed=False, packages_skip_build_finished=False, packages_select_test_failures=False, packages_skip_test_passed=False, packages_select=None, packages_skip=None, packages_select_regex=None, packages_skip_regex=None, packages_start=None, packages_end=None, allow_overriding=[], cmake_args=None, cmake_target=None, cmake_target_skip_unavailable=False, cmake_clean_cache=False, cmake_clean_first=False, cmake_force_configure=False, ament_cmake_args=None, catkin_cmake_args=None, catkin_skip_building_tests=False, verb_parser=<colcon_defaults.argument_parser.defaults.DefaultArgumentsDecorator object at 0x7ff47a5a0790>, verb_extension=<colcon_core.verb.build.BuildVerb object at 0x7ff47a5a0610>, main=<bound method BuildVerb.main of <colcon_core.verb.build.BuildVerb object at 0x7ff47a5a0610>>)
[0.981s] Level 1:colcon.colcon_core.package_discovery:discover_packages(colcon_meta) check parameters
[0.981s] Level 1:colcon.colcon_core.package_discovery:discover_packages(recursive) check parameters
[0.981s] Level 1:colcon.colcon_core.package_discovery:discover_packages(ignore) check parameters
[0.981s] Level 1:colcon.colcon_core.package_discovery:discover_packages(path) check parameters
[0.981s] Level 1:colcon.colcon_core.package_discovery:discover_packages(colcon_meta) discover
[0.981s] Level 1:colcon.colcon_core.package_discovery:discover_packages(recursive) discover
[0.981s] INFO:colcon.colcon_core.package_discovery:Crawling recursively for packages in '/home/hashika/ros_ws'
[0.982s] Level 1:colcon.colcon_core.package_identification:_identify(.) by extensions ['ignore', 'ignore_ament_install']
[0.982s] Level 1:colcon.colcon_core.package_identification:_identify(.) by extension 'ignore'
[0.982s] Level 1:colcon.colcon_core.package_identification:_identify(.) by extension 'ignore_ament_install'
[0.982s] Level 1:colcon.colcon_core.package_identification:_identify(.) by extensions ['colcon_pkg']
[0.982s] Level 1:colcon.colcon_core.package_identification:_identify(.) by extension 'colcon_pkg'
[0.982s] Level 1:colcon.colcon_core.package_identification:_identify(.) by extensions ['colcon_meta']
[0.982s] Level 1:colcon.colcon_core.package_identification:_identify(.) by extension 'colcon_meta'
[0.982s] Level 1:colcon.colcon_core.package_identification:_identify(.) by extensions ['ros']
[0.982s] Level 1:colcon.colcon_core.package_identification:_identify(.) by extension 'ros'
[0.991s] Level 1:colcon.colcon_core.package_identification:_identify(.) by extensions ['cmake', 'python']
[0.991s] Level 1:colcon.colcon_core.package_identification:_identify(.) by extension 'cmake'
[0.991s] Level 1:colcon.colcon_core.package_identification:_identify(.) by extension 'python'
[0.991s] Level 1:colcon.colcon_core.package_identification:_identify(.) by extensions ['python_setup_py']
[0.991s] Level 1:colcon.colcon_core.package_identification:_identify(.) by extension 'python_setup_py'
[0.991s] Level 1:colcon.colcon_core.package_identification:_identify(build) by extensions ['ignore', 'ignore_ament_install']
[0.991s] Level 1:colcon.colcon_core.package_identification:_identify(build) by extension 'ignore'
[0.992s] Level 1:colcon.colcon_core.package_identification:_identify(build) ignored
[0.992s] Level 1:colcon.colcon_core.package_identification:_identify(install) by extensions ['ignore', 'ignore_ament_install']
[0.992s] Level 1:colcon.colcon_core.package_identification:_identify(install) by extension 'ignore'
[0.992s] Level 1:colcon.colcon_core.package_identification:_identify(install) ignored
[0.992s] Level 1:colcon.colcon_core.package_identification:_identify(log) by extensions ['ignore', 'ignore_ament_install']
[0.992s] Level 1:colcon.colcon_core.package_identification:_identify(log) by extension 'ignore'
[0.992s] Level 1:colcon.colcon_core.package_identification:_identify(log) ignored
[0.992s] Level 1:colcon.colcon_core.package_identification:_identify(src) by extensions ['ignore', 'ignore_ament_install']
[0.992s] Level 1:colcon.colcon_core.package_identification:_identify(src) by extension 'ignore'
[0.992s] Level 1:colcon.colcon_core.package_identification:_identify(src) by extension 'ignore_ament_install'
[0.992s] Level 1:colcon.colcon_core.package_identification:_identify(src) by extensions ['colcon_pkg']
[0.992s] Level 1:colcon.colcon_core.package_identification:_identify(src) by extension 'colcon_pkg'
[0.992s] Level 1:colcon.colcon_core.package_identification:_identify(src) by extensions ['colcon_meta']
[0.992s] Level 1:colcon.colcon_core.package_identification:_identify(src) by extension 'colcon_meta'
[0.992s] Level 1:colcon.colcon_core.package_identification:_identify(src) by extensions ['ros']
[0.992s] Level 1:colcon.colcon_core.package_identification:_identify(src) by extension 'ros'
[0.993s] Level 1:colcon.colcon_core.package_identification:_identify(src) by extensions ['cmake', 'python']
[0.993s] Level 1:colcon.colcon_core.package_identification:_identify(src) by extension 'cmake'
[0.993s] Level 1:colcon.colcon_core.package_identification:_identify(src) by extension 'python'
[0.993s] Level 1:colcon.colcon_core.package_identification:_identify(src) by extensions ['python_setup_py']
[0.993s] Level 1:colcon.colcon_core.package_identification:_identify(src) by extension 'python_setup_py'
[0.993s] Level 1:colcon.colcon_core.package_identification:_identify(src/my_robot_bringup) by extensions ['ignore', 'ignore_ament_install']
[0.993s] Level 1:colcon.colcon_core.package_identification:_identify(src/my_robot_bringup) by extension 'ignore'
[0.993s] Level 1:colcon.colcon_core.package_identification:_identify(src/my_robot_bringup) by extension 'ignore_ament_install'
[0.993s] Level 1:colcon.colcon_core.package_identification:_identify(src/my_robot_bringup) by extensions ['colcon_pkg']
[0.993s] Level 1:colcon.colcon_core.package_identification:_identify(src/my_robot_bringup) by extension 'colcon_pkg'
[0.993s] Level 1:colcon.colcon_core.package_identification:_identify(src/my_robot_bringup) by extensions ['colcon_meta']
[0.993s] Level 1:colcon.colcon_core.package_identification:_identify(src/my_robot_bringup) by extension 'colcon_meta'
[0.993s] Level 1:colcon.colcon_core.package_identification:_identify(src/my_robot_bringup) by extensions ['ros']
[0.993s] Level 1:colcon.colcon_core.package_identification:_identify(src/my_robot_bringup) by extension 'ros'
[0.995s] DEBUG:colcon.colcon_core.package_identification:Package 'src/my_robot_bringup' with type 'ros.ament_cmake' and name 'my_robot_bringup'
[0.995s] Level 1:colcon.colcon_core.package_identification:_identify(src/my_robot_description) by extensions ['ignore', 'ignore_ament_install']
[0.995s] Level 1:colcon.colcon_core.package_identification:_identify(src/my_robot_description) by extension 'ignore'
[0.995s] Level 1:colcon.colcon_core.package_identification:_identify(src/my_robot_description) by extension 'ignore_ament_install'
[0.995s] Level 1:colcon.colcon_core.package_identification:_identify(src/my_robot_description) by extensions ['colcon_pkg']
[0.996s] Level 1:colcon.colcon_core.package_identification:_identify(src/my_robot_description) by extension 'colcon_pkg'
[0.996s] Level 1:colcon.colcon_core.package_identification:_identify(src/my_robot_description) by extensions ['colcon_meta']
[0.996s] Level 1:colcon.colcon_core.package_identification:_identify(src/my_robot_description) by extension 'colcon_meta'
[0.996s] Level 1:colcon.colcon_core.package_identification:_identify(src/my_robot_description) by extensions ['ros']
[0.996s] Level 1:colcon.colcon_core.package_identification:_identify(src/my_robot_description) by extension 'ros'
[0.996s] DEBUG:colcon.colcon_core.package_identification:Package 'src/my_robot_description' with type 'ros.ament_cmake' and name 'my_robot_description'
[0.996s] Level 1:colcon.colcon_core.package_discovery:discover_packages(recursive) using defaults
[0.996s] Level 1:colcon.colcon_core.package_discovery:discover_packages(ignore) discover
[0.996s] Level 1:colcon.colcon_core.package_discovery:discover_packages(ignore) using defaults
[0.996s] Level 1:colcon.colcon_core.package_discovery:discover_packages(path) discover
[0.996s] Level 1:colcon.colcon_core.package_discovery:discover_packages(path) using defaults
[1.084s] Level 1:colcon.colcon_core.package_discovery:discover_packages(prefix_path) check parameters
[1.084s] Level 1:colcon.colcon_core.package_discovery:discover_packages(prefix_path) discover
[1.113s] DEBUG:colcon.colcon_installed_package_information.package_discovery:Found 2 installed packages in /home/hashika/ros_ws/install
[1.128s] DEBUG:colcon.colcon_installed_package_information.package_discovery:Found 389 installed packages in /opt/ros/humble
[1.130s] Level 1:colcon.colcon_core.package_discovery:discover_packages(prefix_path) using defaults
[1.235s] Level 5:colcon.colcon_core.verb:set package 'my_robot_description' build argument 'cmake_args' from command line to 'None'
[1.235s] Level 5:colcon.colcon_core.verb:set package 'my_robot_description' build argument 'cmake_target' from command line to 'None'
[1.235s] Level 5:colcon.colcon_core.verb:set package 'my_robot_description' build argument 'cmake_target_skip_unavailable' from command line to 'False'
[1.235s] Level 5:colcon.colcon_core.verb:set package 'my_robot_description' build argument 'cmake_clean_cache' from command line to 'False'
[1.235s] Level 5:colcon.colcon_core.verb:set package 'my_robot_description' build argument 'cmake_clean_first' from command line to 'False'
[1.235s] Level 5:colcon.colcon_core.verb:set package 'my_robot_description' build argument 'cmake_force_configure' from command line to 'False'
[1.235s] Level 5:colcon.colcon_core.verb:set package 'my_robot_description' build argument 'ament_cmake_args' from command line to 'None'
[1.235s] Level 5:colcon.colcon_core.verb:set package 'my_robot_description' build argument 'catkin_cmake_args' from command line to 'None'
[1.235s] Level 5:colcon.colcon_core.verb:set package 'my_robot_description' build argument 'catkin_skip_building_tests' from command line to 'False'
[1.235s] DEBUG:colcon.colcon_core.verb:Building package 'my_robot_description' with the following arguments: {'ament_cmake_args': None, 'build_base': '/home/hashika/ros_ws/build/my_robot_description', 'catkin_cmake_args': None, 'catkin_skip_building_tests': False, 'cmake_args': None, 'cmake_clean_cache': False, 'cmake_clean_first': False, 'cmake_force_configure': False, 'cmake_target': None, 'cmake_target_skip_unavailable': False, 'install_base': '/home/hashika/ros_ws/install/my_robot_description', 'merge_install': False, 'path': '/home/hashika/ros_ws/src/my_robot_description', 'symlink_install': True, 'test_result_base': None}
[1.249s] Level 5:colcon.colcon_core.verb:set package 'my_robot_bringup' build argument 'cmake_args' from command line to 'None'
[1.249s] Level 5:colcon.colcon_core.verb:set package 'my_robot_bringup' build argument 'cmake_target' from command line to 'None'
[1.249s] Level 5:colcon.colcon_core.verb:set package 'my_robot_bringup' build argument 'cmake_target_skip_unavailable' from command line to 'False'
[1.249s] Level 5:colcon.colcon_core.verb:set package 'my_robot_bringup' build argument 'cmake_clean_cache' from command line to 'False'
[1.249s] Level 5:colcon.colcon_core.verb:set package 'my_robot_bringup' build argument 'cmake_clean_first' from command line to 'False'
[1.249s] Level 5:colcon.colcon_core.verb:set package 'my_robot_bringup' build argument 'cmake_force_configure' from command line to 'False'
[1.249s] Level 5:colcon.colcon_core.verb:set package 'my_robot_bringup' build argument 'ament_cmake_args' from command line to 'None'
[1.249s] Level 5:colcon.colcon_core.verb:set package 'my_robot_bringup' build argument 'catkin_cmake_args' from command line to 'None'
[1.249s] Level 5:colcon.colcon_core.verb:set package 'my_robot_bringup' build argument 'catkin_skip_building_tests' from command line to 'False'
[1.250s] DEBUG:colcon.colcon_core.verb:Building package 'my_robot_bringup' with the following arguments: {'ament_cmake_args': None, 'build_base': '/home/hashika/ros_ws/build/my_robot_bringup', 'catkin_cmake_args': None, 'catkin_skip_building_tests': False, 'cmake_args': None, 'cmake_clean_cache': False, 'cmake_clean_first': False, 'cmake_force_configure': False, 'cmake_target': None, 'cmake_target_skip_unavailable': False, 'install_base': '/home/hashika/ros_ws/install/my_robot_bringup', 'merge_install': False, 'path': '/home/hashika/ros_ws/src/my_robot_bringup', 'symlink_install': True, 'test_result_base': None}
[1.264s] INFO:colcon.colcon_core.executor:Executing jobs using 'parallel' executor
[1.278s] DEBUG:colcon.colcon_parallel_executor.executor.parallel:run_until_complete
[1.279s] INFO:colcon.colcon_ros.task.ament_cmake.build:Building ROS package in '/home/hashika/ros_ws/src/my_robot_description' with build type 'ament_cmake'
[1.279s] INFO:colcon.colcon_cmake.task.cmake.build:Building CMake package in '/home/hashika/ros_ws/src/my_robot_description'
[1.295s] INFO:colcon.colcon_core.plugin_system:Skipping extension 'colcon_core.shell.bat': Not used on non-Windows systems
[1.295s] INFO:colcon.colcon_core.shell:Skip shell extension 'powershell' for command environment: Not usable outside of PowerShell
[1.296s] DEBUG:colcon.colcon_core.shell:Skip shell extension 'dsv' for command environment
[1.348s] DEBUG:colcon.colcon_core.event_handler.log_command:Invoking command in '/home/hashika/ros_ws/build/my_robot_description': CMAKE_PREFIX_PATH=${CMAKE_PREFIX_PATH}:/opt/ros/humble /usr/bin/cmake --build /home/hashika/ros_ws/build/my_robot_description -- -j8 -l8
[1.379s] DEBUG:colcon.colcon_core.event_handler.log_command:Invoked command in '/home/hashika/ros_ws/build/my_robot_description' returned '0': CMAKE_PREFIX_PATH=${CMAKE_PREFIX_PATH}:/opt/ros/humble /usr/bin/cmake --build /home/hashika/ros_ws/build/my_robot_description -- -j8 -l8
[1.407s] DEBUG:colcon.colcon_core.event_handler.log_command:Invoking command in '/home/hashika/ros_ws/build/my_robot_description': CMAKE_PREFIX_PATH=${CMAKE_PREFIX_PATH}:/opt/ros/humble /usr/bin/cmake --install /home/hashika/ros_ws/build/my_robot_description
[1.427s] Level 1:colcon.colcon_core.environment:create_environment_scripts_only(my_robot_description)
[1.427s] DEBUG:colcon.colcon_core.event_handler.log_command:Invoked command in '/home/hashika/ros_ws/build/my_robot_description' returned '0': CMAKE_PREFIX_PATH=${CMAKE_PREFIX_PATH}:/opt/ros/humble /usr/bin/cmake --install /home/hashika/ros_ws/build/my_robot_description
[1.443s] Level 1:colcon.colcon_core.environment:checking '/home/hashika/ros_ws/install/my_robot_description' for CMake module files
[1.443s] Level 1:colcon.colcon_core.environment:checking '/home/hashika/ros_ws/install/my_robot_description' for CMake config files
[1.444s] Level 1:colcon.colcon_core.shell:create_environment_hook('my_robot_description', 'cmake_prefix_path')
[1.457s] INFO:colcon.colcon_core.shell:Creating environment hook '/home/hashika/ros_ws/install/my_robot_description/share/my_robot_description/hook/cmake_prefix_path.ps1'
[1.458s] INFO:colcon.colcon_core.shell:Creating environment descriptor '/home/hashika/ros_ws/install/my_robot_description/share/my_robot_description/hook/cmake_prefix_path.dsv'
[1.458s] INFO:colcon.colcon_core.shell:Creating environment hook '/home/hashika/ros_ws/install/my_robot_description/share/my_robot_description/hook/cmake_prefix_path.sh'
[1.459s] Level 1:colcon.colcon_core.environment:checking '/home/hashika/ros_ws/install/my_robot_description/bin'
[1.459s] Level 1:colcon.colcon_core.environment:checking '/home/hashika/ros_ws/install/my_robot_description/lib/pkgconfig/my_robot_description.pc'
[1.459s] Level 1:colcon.colcon_core.environment:checking '/home/hashika/ros_ws/install/my_robot_description/lib/python3.10/site-packages'
[1.459s] Level 1:colcon.colcon_core.environment:checking '/home/hashika/ros_ws/install/my_robot_description/bin'
[1.473s] INFO:colcon.colcon_core.shell:Creating package script '/home/hashika/ros_ws/install/my_robot_description/share/my_robot_description/package.ps1'
[1.474s] INFO:colcon.colcon_core.shell:Creating package descriptor '/home/hashika/ros_ws/install/my_robot_description/share/my_robot_description/package.dsv'
[1.474s] INFO:colcon.colcon_core.shell:Creating package script '/home/hashika/ros_ws/install/my_robot_description/share/my_robot_description/package.sh'
[1.475s] INFO:colcon.colcon_core.shell:Creating package script '/home/hashika/ros_ws/install/my_robot_description/share/my_robot_description/package.bash'
[1.475s] INFO:colcon.colcon_core.shell:Creating package script '/home/hashika/ros_ws/install/my_robot_description/share/my_robot_description/package.zsh'
[1.476s] Level 1:colcon.colcon_core.environment:create_file_with_runtime_dependencies(/home/hashika/ros_ws/install/my_robot_description/share/colcon-core/packages/my_robot_description)
[1.509s] Level 1:colcon.colcon_core.environment:create_environment_scripts_only(my_robot_description)
[1.527s] Level 1:colcon.colcon_core.environment:checking '/home/hashika/ros_ws/install/my_robot_description' for CMake module files
[1.527s] Level 1:colcon.colcon_core.environment:checking '/home/hashika/ros_ws/install/my_robot_description' for CMake config files
[1.528s] Level 1:colcon.colcon_core.shell:create_environment_hook('my_robot_description', 'cmake_prefix_path')
[1.542s] INFO:colcon.colcon_core.shell:Creating environment hook '/home/hashika/ros_ws/install/my_robot_description/share/my_robot_description/hook/cmake_prefix_path.ps1'
[1.543s] INFO:colcon.colcon_core.shell:Creating environment descriptor '/home/hashika/ros_ws/install/my_robot_description/share/my_robot_description/hook/cmake_prefix_path.dsv'
[1.543s] INFO:colcon.colcon_core.shell:Creating environment hook '/home/hashika/ros_ws/install/my_robot_description/share/my_robot_description/hook/cmake_prefix_path.sh'
[1.543s] Level 1:colcon.colcon_core.environment:checking '/home/hashika/ros_ws/install/my_robot_description/bin'
[1.544s] Level 1:colcon.colcon_core.environment:checking '/home/hashika/ros_ws/install/my_robot_description/lib/pkgconfig/my_robot_description.pc'
[1.544s] Level 1:colcon.colcon_core.environment:checking '/home/hashika/ros_ws/install/my_robot_description/lib/python3.10/site-packages'
[1.544s] Level 1:colcon.colcon_core.environment:checking '/home/hashika/ros_ws/install/my_robot_description/bin'
[1.559s] INFO:colcon.colcon_core.shell:Creating package script '/home/hashika/ros_ws/install/my_robot_description/share/my_robot_description/package.ps1'
[1.559s] INFO:colcon.colcon_core.shell:Creating package descriptor '/home/hashika/ros_ws/install/my_robot_description/share/my_robot_description/package.dsv'
[1.560s] INFO:colcon.colcon_core.shell:Creating package script '/home/hashika/ros_ws/install/my_robot_description/share/my_robot_description/package.sh'
[1.560s] INFO:colcon.colcon_core.shell:Creating package script '/home/hashika/ros_ws/install/my_robot_description/share/my_robot_description/package.bash'
[1.561s] INFO:colcon.colcon_core.shell:Creating package script '/home/hashika/ros_ws/install/my_robot_description/share/my_robot_description/package.zsh'
[1.561s] Level 1:colcon.colcon_core.environment:create_file_with_runtime_dependencies(/home/hashika/ros_ws/install/my_robot_description/share/colcon-core/packages/my_robot_description)
[1.561s] INFO:colcon.colcon_ros.task.ament_cmake.build:Building ROS package in '/home/hashika/ros_ws/src/my_robot_bringup' with build type 'ament_cmake'
[1.562s] INFO:colcon.colcon_cmake.task.cmake.build:Building CMake package in '/home/hashika/ros_ws/src/my_robot_bringup'
[1.576s] INFO:colcon.colcon_core.shell:Skip shell extension 'powershell' for command environment: Not usable outside of PowerShell
[1.576s] DEBUG:colcon.colcon_core.shell:Skip shell extension 'dsv' for command environment
[1.628s] DEBUG:colcon.colcon_core.event_handler.log_command:Invoking command in '/home/hashika/ros_ws/build/my_robot_bringup': CMAKE_PREFIX_PATH=/home/hashika/ros_ws/install/my_robot_description:/home/hashika/ros_ws/install/my_robot_bringup:/opt/ros/humble /usr/bin/cmake --build /home/hashika/ros_ws/build/my_robot_bringup -- -j8 -l8
[1.660s] DEBUG:colcon.colcon_core.event_handler.log_command:Invoked command in '/home/hashika/ros_ws/build/my_robot_bringup' returned '0': CMAKE_PREFIX_PATH=/home/hashika/ros_ws/install/my_robot_description:/home/hashika/ros_ws/install/my_robot_bringup:/opt/ros/humble /usr/bin/cmake --build /home/hashika/ros_ws/build/my_robot_bringup -- -j8 -l8
[1.680s] DEBUG:colcon.colcon_core.event_handler.log_command:Invoking command in '/home/hashika/ros_ws/build/my_robot_bringup': CMAKE_PREFIX_PATH=/home/hashika/ros_ws/install/my_robot_description:/home/hashika/ros_ws/install/my_robot_bringup:/opt/ros/humble /usr/bin/cmake --install /home/hashika/ros_ws/build/my_robot_bringup
[1.706s] Level 1:colcon.colcon_core.environment:create_environment_scripts_only(my_robot_bringup)
[1.707s] DEBUG:colcon.colcon_core.event_handler.log_command:Invoked command in '/home/hashika/ros_ws/build/my_robot_bringup' returned '0': CMAKE_PREFIX_PATH=/home/hashika/ros_ws/install/my_robot_description:/home/hashika/ros_ws/install/my_robot_bringup:/opt/ros/humble /usr/bin/cmake --install /home/hashika/ros_ws/build/my_robot_bringup
[1.721s] Level 1:colcon.colcon_core.environment:checking '/home/hashika/ros_ws/install/my_robot_bringup' for CMake module files
[1.722s] Level 1:colcon.colcon_core.environment:checking '/home/hashika/ros_ws/install/my_robot_bringup' for CMake config files
[1.722s] Level 1:colcon.colcon_core.shell:create_environment_hook('my_robot_bringup', 'cmake_prefix_path')
[1.736s] INFO:colcon.colcon_core.shell:Creating environment hook '/home/hashika/ros_ws/install/my_robot_bringup/share/my_robot_bringup/hook/cmake_prefix_path.ps1'
[1.736s] INFO:colcon.colcon_core.shell:Creating environment descriptor '/home/hashika/ros_ws/install/my_robot_bringup/share/my_robot_bringup/hook/cmake_prefix_path.dsv'
[1.737s] INFO:colcon.colcon_core.shell:Creating environment hook '/home/hashika/ros_ws/install/my_robot_bringup/share/my_robot_bringup/hook/cmake_prefix_path.sh'
[1.737s] Level 1:colcon.colcon_core.environment:checking '/home/hashika/ros_ws/install/my_robot_bringup/bin'
[1.737s] Level 1:colcon.colcon_core.environment:checking '/home/hashika/ros_ws/install/my_robot_bringup/lib/pkgconfig/my_robot_bringup.pc'
[1.737s] Level 1:colcon.colcon_core.environment:checking '/home/hashika/ros_ws/install/my_robot_bringup/lib/python3.10/site-packages'
[1.738s] Level 1:colcon.colcon_core.environment:checking '/home/hashika/ros_ws/install/my_robot_bringup/bin'
[1.752s] INFO:colcon.colcon_core.shell:Creating package script '/home/hashika/ros_ws/install/my_robot_bringup/share/my_robot_bringup/package.ps1'
[1.752s] INFO:colcon.colcon_core.shell:Creating package descriptor '/home/hashika/ros_ws/install/my_robot_bringup/share/my_robot_bringup/package.dsv'
[1.753s] INFO:colcon.colcon_core.shell:Creating package script '/home/hashika/ros_ws/install/my_robot_bringup/share/my_robot_bringup/package.sh'
[1.753s] INFO:colcon.colcon_core.shell:Creating package script '/home/hashika/ros_ws/install/my_robot_bringup/share/my_robot_bringup/package.bash'
[1.753s] INFO:colcon.colcon_core.shell:Creating package script '/home/hashika/ros_ws/install/my_robot_bringup/share/my_robot_bringup/package.zsh'
[1.754s] Level 1:colcon.colcon_core.environment:create_file_with_runtime_dependencies(/home/hashika/ros_ws/install/my_robot_bringup/share/colcon-core/packages/my_robot_bringup)
[1.789s] Level 1:colcon.colcon_core.environment:create_environment_scripts_only(my_robot_bringup)
[1.803s] Level 1:colcon.colcon_core.environment:checking '/home/hashika/ros_ws/install/my_robot_bringup' for CMake module files
[1.803s] Level 1:colcon.colcon_core.environment:checking '/home/hashika/ros_ws/install/my_robot_bringup' for CMake config files
[1.803s] Level 1:colcon.colcon_core.shell:create_environment_hook('my_robot_bringup', 'cmake_prefix_path')
[1.817s] INFO:colcon.colcon_core.shell:Creating environment hook '/home/hashika/ros_ws/install/my_robot_bringup/share/my_robot_bringup/hook/cmake_prefix_path.ps1'
[1.817s] INFO:colcon.colcon_core.shell:Creating environment descriptor '/home/hashika/ros_ws/install/my_robot_bringup/share/my_robot_bringup/hook/cmake_prefix_path.dsv'
[1.818s] INFO:colcon.colcon_core.shell:Creating environment hook '/home/hashika/ros_ws/install/my_robot_bringup/share/my_robot_bringup/hook/cmake_prefix_path.sh'
[1.818s] Level 1:colcon.colcon_core.environment:checking '/home/hashika/ros_ws/install/my_robot_bringup/bin'
[1.818s] Level 1:colcon.colcon_core.environment:checking '/home/hashika/ros_ws/install/my_robot_bringup/lib/pkgconfig/my_robot_bringup.pc'
[1.818s] Level 1:colcon.colcon_core.environment:checking '/home/hashika/ros_ws/install/my_robot_bringup/lib/python3.10/site-packages'
[1.818s] Level 1:colcon.colcon_core.environment:checking '/home/hashika/ros_ws/install/my_robot_bringup/bin'
[1.832s] INFO:colcon.colcon_core.shell:Creating package script '/home/hashika/ros_ws/install/my_robot_bringup/share/my_robot_bringup/package.ps1'
[1.833s] INFO:colcon.colcon_core.shell:Creating package descriptor '/home/hashika/ros_ws/install/my_robot_bringup/share/my_robot_bringup/package.dsv'
[1.833s] INFO:colcon.colcon_core.shell:Creating package script '/home/hashika/ros_ws/install/my_robot_bringup/share/my_robot_bringup/package.sh'
[1.833s] INFO:colcon.colcon_core.shell:Creating package script '/home/hashika/ros_ws/install/my_robot_bringup/share/my_robot_bringup/package.bash'
[1.834s] INFO:colcon.colcon_core.shell:Creating package script '/home/hashika/ros_ws/install/my_robot_bringup/share/my_robot_bringup/package.zsh'
[1.834s] Level 1:colcon.colcon_core.environment:create_file_with_runtime_dependencies(/home/hashika/ros_ws/install/my_robot_bringup/share/colcon-core/packages/my_robot_bringup)
[1.834s] DEBUG:colcon.colcon_parallel_executor.executor.parallel:closing loop
[1.834s] DEBUG:colcon.colcon_parallel_executor.executor.parallel:loop closed
[1.834s] DEBUG:colcon.colcon_parallel_executor.executor.parallel:run_until_complete finished with '0'
[1.835s] DEBUG:colcon.colcon_core.event_reactor:joining thread
[1.853s] INFO:colcon.colcon_core.plugin_system:Skipping extension 'colcon_notification.desktop_notification.terminal_notifier': Not used on non-Darwin systems
[1.853s] INFO:colcon.colcon_core.plugin_system:Skipping extension 'colcon_notification.desktop_notification.win32': Not used on non-Windows systems
[1.853s] INFO:colcon.colcon_notification.desktop_notification:Sending desktop notification using 'notify2'
[1.863s] DEBUG:colcon.colcon_core.event_reactor:joined thread
[1.877s] INFO:colcon.colcon_core.shell:Creating prefix script '/home/hashika/ros_ws/install/local_setup.ps1'
[1.878s] INFO:colcon.colcon_core.shell:Creating prefix util module '/home/hashika/ros_ws/install/_local_setup_util_ps1.py'
[1.879s] INFO:colcon.colcon_core.shell:Creating prefix chain script '/home/hashika/ros_ws/install/setup.ps1'
[1.894s] INFO:colcon.colcon_core.shell:Creating prefix script '/home/hashika/ros_ws/install/local_setup.sh'
[1.894s] INFO:colcon.colcon_core.shell:Creating prefix util module '/home/hashika/ros_ws/install/_local_setup_util_sh.py'
[1.894s] INFO:colcon.colcon_core.shell:Creating prefix chain script '/home/hashika/ros_ws/install/setup.sh'
[1.909s] INFO:colcon.colcon_core.shell:Creating prefix script '/home/hashika/ros_ws/install/local_setup.bash'
[1.909s] INFO:colcon.colcon_core.shell:Creating prefix chain script '/home/hashika/ros_ws/install/setup.bash'
[1.924s] INFO:colcon.colcon_core.shell:Creating prefix script '/home/hashika/ros_ws/install/local_setup.zsh'
[1.924s] INFO:colcon.colcon_core.shell:Creating prefix chain script '/home/hashika/ros_ws/install/setup.zsh'
